[0.148s] DEBUG:colcon:Command line arguments: ['/usr/bin/colcon', 'build', '--cmake-clean-cache']
[0.148s] DEBUG:colcon:Parsed command line arguments: Namespace(log_base=None, log_level=None, verb_name='build', build_base='build', install_base='install', merge_install=False, symlink_install=False, test_result_base=None, continue_on_error=False, executor='parallel', parallel_workers=20, event_handlers=None, ignore_user_meta=False, metas=['./colcon.meta'], base_paths=['.'], packages_ignore=None, packages_ignore_regex=None, paths=None, packages_up_to=None, packages_up_to_regex=None, packages_above=None, packages_above_and_dependencies=None, packages_above_depth=None, packages_select_by_dep=None, packages_skip_by_dep=None, packages_skip_up_to=None, packages_select_build_failed=False, packages_skip_build_finished=False, packages_select_test_failures=False, packages_skip_test_passed=False, packages_select=None, packages_skip=None, packages_select_regex=None, packages_skip_regex=None, packages_start=None, packages_end=None, allow_overriding=[], cmake_args=None, cmake_target=None, cmake_target_skip_unavailable=False, cmake_clean_cache=True, cmake_clean_first=False, cmake_force_configure=False, ament_cmake_args=None, catkin_cmake_args=None, catkin_skip_building_tests=False, verb_parser=<colcon_defaults.argument_parser.defaults.DefaultArgumentsDecorator object at 0x7ce04fb62810>, verb_extension=<colcon_core.verb.build.BuildVerb object at 0x7ce04fb06030>, main=<bound method BuildVerb.main of <colcon_core.verb.build.BuildVerb object at 0x7ce04fb06030>>)
[0.202s] Level 1:colcon.colcon_core.package_discovery:discover_packages(colcon_meta) check parameters
[0.202s] Level 1:colcon.colcon_core.package_discovery:discover_packages(recursive) check parameters
[0.202s] Level 1:colcon.colcon_core.package_discovery:discover_packages(ignore) check parameters
[0.202s] Level 1:colcon.colcon_core.package_discovery:discover_packages(path) check parameters
[0.202s] Level 1:colcon.colcon_core.package_discovery:discover_packages(colcon_meta) discover
[0.202s] Level 1:colcon.colcon_core.package_discovery:discover_packages(recursive) discover
[0.202s] INFO:colcon.colcon_core.package_discovery:Crawling recursively for packages in '/home/zhaozhenkai/ros2_ws'
[0.202s] Level 1:colcon.colcon_core.package_identification:_identify(.) by extensions ['ignore', 'ignore_ament_install']
[0.202s] Level 1:colcon.colcon_core.package_identification:_identify(.) by extension 'ignore'
[0.202s] Level 1:colcon.colcon_core.package_identification:_identify(.) by extension 'ignore_ament_install'
[0.202s] Level 1:colcon.colcon_core.package_identification:_identify(.) by extensions ['colcon_pkg']
[0.202s] Level 1:colcon.colcon_core.package_identification:_identify(.) by extension 'colcon_pkg'
[0.202s] Level 1:colcon.colcon_core.package_identification:_identify(.) by extensions ['colcon_meta']
[0.202s] Level 1:colcon.colcon_core.package_identification:_identify(.) by extension 'colcon_meta'
[0.202s] Level 1:colcon.colcon_core.package_identification:_identify(.) by extensions ['ros']
[0.202s] Level 1:colcon.colcon_core.package_identification:_identify(.) by extension 'ros'
[0.220s] Level 1:colcon.colcon_core.package_identification:_identify(.) by extensions ['cmake', 'python']
[0.221s] Level 1:colcon.colcon_core.package_identification:_identify(.) by extension 'cmake'
[0.221s] Level 1:colcon.colcon_core.package_identification:_identify(.) by extension 'python'
[0.221s] Level 1:colcon.colcon_core.package_identification:_identify(.) by extensions ['python_setup_py']
[0.221s] Level 1:colcon.colcon_core.package_identification:_identify(.) by extension 'python_setup_py'
[0.221s] Level 1:colcon.colcon_core.package_identification:_identify(build) by extensions ['ignore', 'ignore_ament_install']
[0.221s] Level 1:colcon.colcon_core.package_identification:_identify(build) by extension 'ignore'
[0.221s] Level 1:colcon.colcon_core.package_identification:_identify(build) ignored
[0.221s] Level 1:colcon.colcon_core.package_identification:_identify(data) by extensions ['ignore', 'ignore_ament_install']
[0.221s] Level 1:colcon.colcon_core.package_identification:_identify(data) by extension 'ignore'
[0.221s] Level 1:colcon.colcon_core.package_identification:_identify(data) by extension 'ignore_ament_install'
[0.221s] Level 1:colcon.colcon_core.package_identification:_identify(data) by extensions ['colcon_pkg']
[0.221s] Level 1:colcon.colcon_core.package_identification:_identify(data) by extension 'colcon_pkg'
[0.221s] Level 1:colcon.colcon_core.package_identification:_identify(data) by extensions ['colcon_meta']
[0.221s] Level 1:colcon.colcon_core.package_identification:_identify(data) by extension 'colcon_meta'
[0.222s] Level 1:colcon.colcon_core.package_identification:_identify(data) by extensions ['ros']
[0.222s] Level 1:colcon.colcon_core.package_identification:_identify(data) by extension 'ros'
[0.222s] Level 1:colcon.colcon_core.package_identification:_identify(data) by extensions ['cmake', 'python']
[0.222s] Level 1:colcon.colcon_core.package_identification:_identify(data) by extension 'cmake'
[0.222s] Level 1:colcon.colcon_core.package_identification:_identify(data) by extension 'python'
[0.222s] Level 1:colcon.colcon_core.package_identification:_identify(data) by extensions ['python_setup_py']
[0.222s] Level 1:colcon.colcon_core.package_identification:_identify(data) by extension 'python_setup_py'
[0.222s] Level 1:colcon.colcon_core.package_identification:_identify(data/2011_09_26) by extensions ['ignore', 'ignore_ament_install']
[0.222s] Level 1:colcon.colcon_core.package_identification:_identify(data/2011_09_26) by extension 'ignore'
[0.222s] Level 1:colcon.colcon_core.package_identification:_identify(data/2011_09_26) by extension 'ignore_ament_install'
[0.222s] Level 1:colcon.colcon_core.package_identification:_identify(data/2011_09_26) by extensions ['colcon_pkg']
[0.222s] Level 1:colcon.colcon_core.package_identification:_identify(data/2011_09_26) by extension 'colcon_pkg'
[0.222s] Level 1:colcon.colcon_core.package_identification:_identify(data/2011_09_26) by extensions ['colcon_meta']
[0.222s] Level 1:colcon.colcon_core.package_identification:_identify(data/2011_09_26) by extension 'colcon_meta'
[0.222s] Level 1:colcon.colcon_core.package_identification:_identify(data/2011_09_26) by extensions ['ros']
[0.222s] Level 1:colcon.colcon_core.package_identification:_identify(data/2011_09_26) by extension 'ros'
[0.222s] Level 1:colcon.colcon_core.package_identification:_identify(data/2011_09_26) by extensions ['cmake', 'python']
[0.222s] Level 1:colcon.colcon_core.package_identification:_identify(data/2011_09_26) by extension 'cmake'
[0.222s] Level 1:colcon.colcon_core.package_identification:_identify(data/2011_09_26) by extension 'python'
[0.222s] Level 1:colcon.colcon_core.package_identification:_identify(data/2011_09_26) by extensions ['python_setup_py']
[0.222s] Level 1:colcon.colcon_core.package_identification:_identify(data/2011_09_26) by extension 'python_setup_py'
[0.223s] Level 1:colcon.colcon_core.package_identification:_identify(data/2011_09_26/2011_09_26_drive_0001_sync) by extensions ['ignore', 'ignore_ament_install']
[0.223s] Level 1:colcon.colcon_core.package_identification:_identify(data/2011_09_26/2011_09_26_drive_0001_sync) by extension 'ignore'
[0.223s] Level 1:colcon.colcon_core.package_identification:_identify(data/2011_09_26/2011_09_26_drive_0001_sync) by extension 'ignore_ament_install'
[0.223s] Level 1:colcon.colcon_core.package_identification:_identify(data/2011_09_26/2011_09_26_drive_0001_sync) by extensions ['colcon_pkg']
[0.223s] Level 1:colcon.colcon_core.package_identification:_identify(data/2011_09_26/2011_09_26_drive_0001_sync) by extension 'colcon_pkg'
[0.223s] Level 1:colcon.colcon_core.package_identification:_identify(data/2011_09_26/2011_09_26_drive_0001_sync) by extensions ['colcon_meta']
[0.223s] Level 1:colcon.colcon_core.package_identification:_identify(data/2011_09_26/2011_09_26_drive_0001_sync) by extension 'colcon_meta'
[0.223s] Level 1:colcon.colcon_core.package_identification:_identify(data/2011_09_26/2011_09_26_drive_0001_sync) by extensions ['ros']
[0.223s] Level 1:colcon.colcon_core.package_identification:_identify(data/2011_09_26/2011_09_26_drive_0001_sync) by extension 'ros'
[0.223s] Level 1:colcon.colcon_core.package_identification:_identify(data/2011_09_26/2011_09_26_drive_0001_sync) by extensions ['cmake', 'python']
[0.223s] Level 1:colcon.colcon_core.package_identification:_identify(data/2011_09_26/2011_09_26_drive_0001_sync) by extension 'cmake'
[0.223s] Level 1:colcon.colcon_core.package_identification:_identify(data/2011_09_26/2011_09_26_drive_0001_sync) by extension 'python'
[0.223s] Level 1:colcon.colcon_core.package_identification:_identify(data/2011_09_26/2011_09_26_drive_0001_sync) by extensions ['python_setup_py']
[0.223s] Level 1:colcon.colcon_core.package_identification:_identify(data/2011_09_26/2011_09_26_drive_0001_sync) by extension 'python_setup_py'
[0.223s] Level 1:colcon.colcon_core.package_identification:_identify(data/2011_09_26/2011_09_26_drive_0001_sync/image_00) by extensions ['ignore', 'ignore_ament_install']
[0.223s] Level 1:colcon.colcon_core.package_identification:_identify(data/2011_09_26/2011_09_26_drive_0001_sync/image_00) by extension 'ignore'
[0.223s] Level 1:colcon.colcon_core.package_identification:_identify(data/2011_09_26/2011_09_26_drive_0001_sync/image_00) by extension 'ignore_ament_install'
[0.223s] Level 1:colcon.colcon_core.package_identification:_identify(data/2011_09_26/2011_09_26_drive_0001_sync/image_00) by extensions ['colcon_pkg']
[0.223s] Level 1:colcon.colcon_core.package_identification:_identify(data/2011_09_26/2011_09_26_drive_0001_sync/image_00) by extension 'colcon_pkg'
[0.223s] Level 1:colcon.colcon_core.package_identification:_identify(data/2011_09_26/2011_09_26_drive_0001_sync/image_00) by extensions ['colcon_meta']
[0.223s] Level 1:colcon.colcon_core.package_identification:_identify(data/2011_09_26/2011_09_26_drive_0001_sync/image_00) by extension 'colcon_meta'
[0.223s] Level 1:colcon.colcon_core.package_identification:_identify(data/2011_09_26/2011_09_26_drive_0001_sync/image_00) by extensions ['ros']
[0.223s] Level 1:colcon.colcon_core.package_identification:_identify(data/2011_09_26/2011_09_26_drive_0001_sync/image_00) by extension 'ros'
[0.223s] Level 1:colcon.colcon_core.package_identification:_identify(data/2011_09_26/2011_09_26_drive_0001_sync/image_00) by extensions ['cmake', 'python']
[0.223s] Level 1:colcon.colcon_core.package_identification:_identify(data/2011_09_26/2011_09_26_drive_0001_sync/image_00) by extension 'cmake'
[0.223s] Level 1:colcon.colcon_core.package_identification:_identify(data/2011_09_26/2011_09_26_drive_0001_sync/image_00) by extension 'python'
[0.223s] Level 1:colcon.colcon_core.package_identification:_identify(data/2011_09_26/2011_09_26_drive_0001_sync/image_00) by extensions ['python_setup_py']
[0.223s] Level 1:colcon.colcon_core.package_identification:_identify(data/2011_09_26/2011_09_26_drive_0001_sync/image_00) by extension 'python_setup_py'
[0.224s] Level 1:colcon.colcon_core.package_identification:_identify(data/2011_09_26/2011_09_26_drive_0001_sync/image_00/data) by extensions ['ignore', 'ignore_ament_install']
[0.224s] Level 1:colcon.colcon_core.package_identification:_identify(data/2011_09_26/2011_09_26_drive_0001_sync/image_00/data) by extension 'ignore'
[0.224s] Level 1:colcon.colcon_core.package_identification:_identify(data/2011_09_26/2011_09_26_drive_0001_sync/image_00/data) by extension 'ignore_ament_install'
[0.224s] Level 1:colcon.colcon_core.package_identification:_identify(data/2011_09_26/2011_09_26_drive_0001_sync/image_00/data) by extensions ['colcon_pkg']
[0.224s] Level 1:colcon.colcon_core.package_identification:_identify(data/2011_09_26/2011_09_26_drive_0001_sync/image_00/data) by extension 'colcon_pkg'
[0.224s] Level 1:colcon.colcon_core.package_identification:_identify(data/2011_09_26/2011_09_26_drive_0001_sync/image_00/data) by extensions ['colcon_meta']
[0.224s] Level 1:colcon.colcon_core.package_identification:_identify(data/2011_09_26/2011_09_26_drive_0001_sync/image_00/data) by extension 'colcon_meta'
[0.224s] Level 1:colcon.colcon_core.package_identification:_identify(data/2011_09_26/2011_09_26_drive_0001_sync/image_00/data) by extensions ['ros']
[0.224s] Level 1:colcon.colcon_core.package_identification:_identify(data/2011_09_26/2011_09_26_drive_0001_sync/image_00/data) by extension 'ros'
[0.224s] Level 1:colcon.colcon_core.package_identification:_identify(data/2011_09_26/2011_09_26_drive_0001_sync/image_00/data) by extensions ['cmake', 'python']
[0.224s] Level 1:colcon.colcon_core.package_identification:_identify(data/2011_09_26/2011_09_26_drive_0001_sync/image_00/data) by extension 'cmake'
[0.224s] Level 1:colcon.colcon_core.package_identification:_identify(data/2011_09_26/2011_09_26_drive_0001_sync/image_00/data) by extension 'python'
[0.224s] Level 1:colcon.colcon_core.package_identification:_identify(data/2011_09_26/2011_09_26_drive_0001_sync/image_00/data) by extensions ['python_setup_py']
[0.224s] Level 1:colcon.colcon_core.package_identification:_identify(data/2011_09_26/2011_09_26_drive_0001_sync/image_00/data) by extension 'python_setup_py'
[0.224s] Level 1:colcon.colcon_core.package_identification:_identify(data/2011_09_26/2011_09_26_drive_0001_sync/image_01) by extensions ['ignore', 'ignore_ament_install']
[0.224s] Level 1:colcon.colcon_core.package_identification:_identify(data/2011_09_26/2011_09_26_drive_0001_sync/image_01) by extension 'ignore'
[0.224s] Level 1:colcon.colcon_core.package_identification:_identify(data/2011_09_26/2011_09_26_drive_0001_sync/image_01) by extension 'ignore_ament_install'
[0.224s] Level 1:colcon.colcon_core.package_identification:_identify(data/2011_09_26/2011_09_26_drive_0001_sync/image_01) by extensions ['colcon_pkg']
[0.224s] Level 1:colcon.colcon_core.package_identification:_identify(data/2011_09_26/2011_09_26_drive_0001_sync/image_01) by extension 'colcon_pkg'
[0.224s] Level 1:colcon.colcon_core.package_identification:_identify(data/2011_09_26/2011_09_26_drive_0001_sync/image_01) by extensions ['colcon_meta']
[0.224s] Level 1:colcon.colcon_core.package_identification:_identify(data/2011_09_26/2011_09_26_drive_0001_sync/image_01) by extension 'colcon_meta'
[0.224s] Level 1:colcon.colcon_core.package_identification:_identify(data/2011_09_26/2011_09_26_drive_0001_sync/image_01) by extensions ['ros']
[0.224s] Level 1:colcon.colcon_core.package_identification:_identify(data/2011_09_26/2011_09_26_drive_0001_sync/image_01) by extension 'ros'
[0.224s] Level 1:colcon.colcon_core.package_identification:_identify(data/2011_09_26/2011_09_26_drive_0001_sync/image_01) by extensions ['cmake', 'python']
[0.224s] Level 1:colcon.colcon_core.package_identification:_identify(data/2011_09_26/2011_09_26_drive_0001_sync/image_01) by extension 'cmake'
[0.224s] Level 1:colcon.colcon_core.package_identification:_identify(data/2011_09_26/2011_09_26_drive_0001_sync/image_01) by extension 'python'
[0.224s] Level 1:colcon.colcon_core.package_identification:_identify(data/2011_09_26/2011_09_26_drive_0001_sync/image_01) by extensions ['python_setup_py']
[0.224s] Level 1:colcon.colcon_core.package_identification:_identify(data/2011_09_26/2011_09_26_drive_0001_sync/image_01) by extension 'python_setup_py'
[0.224s] Level 1:colcon.colcon_core.package_identification:_identify(data/2011_09_26/2011_09_26_drive_0001_sync/image_01/data) by extensions ['ignore', 'ignore_ament_install']
[0.224s] Level 1:colcon.colcon_core.package_identification:_identify(data/2011_09_26/2011_09_26_drive_0001_sync/image_01/data) by extension 'ignore'
[0.224s] Level 1:colcon.colcon_core.package_identification:_identify(data/2011_09_26/2011_09_26_drive_0001_sync/image_01/data) by extension 'ignore_ament_install'
[0.225s] Level 1:colcon.colcon_core.package_identification:_identify(data/2011_09_26/2011_09_26_drive_0001_sync/image_01/data) by extensions ['colcon_pkg']
[0.225s] Level 1:colcon.colcon_core.package_identification:_identify(data/2011_09_26/2011_09_26_drive_0001_sync/image_01/data) by extension 'colcon_pkg'
[0.225s] Level 1:colcon.colcon_core.package_identification:_identify(data/2011_09_26/2011_09_26_drive_0001_sync/image_01/data) by extensions ['colcon_meta']
[0.225s] Level 1:colcon.colcon_core.package_identification:_identify(data/2011_09_26/2011_09_26_drive_0001_sync/image_01/data) by extension 'colcon_meta'
[0.225s] Level 1:colcon.colcon_core.package_identification:_identify(data/2011_09_26/2011_09_26_drive_0001_sync/image_01/data) by extensions ['ros']
[0.225s] Level 1:colcon.colcon_core.package_identification:_identify(data/2011_09_26/2011_09_26_drive_0001_sync/image_01/data) by extension 'ros'
[0.225s] Level 1:colcon.colcon_core.package_identification:_identify(data/2011_09_26/2011_09_26_drive_0001_sync/image_01/data) by extensions ['cmake', 'python']
[0.225s] Level 1:colcon.colcon_core.package_identification:_identify(data/2011_09_26/2011_09_26_drive_0001_sync/image_01/data) by extension 'cmake'
[0.225s] Level 1:colcon.colcon_core.package_identification:_identify(data/2011_09_26/2011_09_26_drive_0001_sync/image_01/data) by extension 'python'
[0.225s] Level 1:colcon.colcon_core.package_identification:_identify(data/2011_09_26/2011_09_26_drive_0001_sync/image_01/data) by extensions ['python_setup_py']
[0.225s] Level 1:colcon.colcon_core.package_identification:_identify(data/2011_09_26/2011_09_26_drive_0001_sync/image_01/data) by extension 'python_setup_py'
[0.225s] Level 1:colcon.colcon_core.package_identification:_identify(data/2011_09_26/2011_09_26_drive_0001_sync/image_02) by extensions ['ignore', 'ignore_ament_install']
[0.225s] Level 1:colcon.colcon_core.package_identification:_identify(data/2011_09_26/2011_09_26_drive_0001_sync/image_02) by extension 'ignore'
[0.225s] Level 1:colcon.colcon_core.package_identification:_identify(data/2011_09_26/2011_09_26_drive_0001_sync/image_02) by extension 'ignore_ament_install'
[0.225s] Level 1:colcon.colcon_core.package_identification:_identify(data/2011_09_26/2011_09_26_drive_0001_sync/image_02) by extensions ['colcon_pkg']
[0.225s] Level 1:colcon.colcon_core.package_identification:_identify(data/2011_09_26/2011_09_26_drive_0001_sync/image_02) by extension 'colcon_pkg'
[0.225s] Level 1:colcon.colcon_core.package_identification:_identify(data/2011_09_26/2011_09_26_drive_0001_sync/image_02) by extensions ['colcon_meta']
[0.225s] Level 1:colcon.colcon_core.package_identification:_identify(data/2011_09_26/2011_09_26_drive_0001_sync/image_02) by extension 'colcon_meta'
[0.225s] Level 1:colcon.colcon_core.package_identification:_identify(data/2011_09_26/2011_09_26_drive_0001_sync/image_02) by extensions ['ros']
[0.225s] Level 1:colcon.colcon_core.package_identification:_identify(data/2011_09_26/2011_09_26_drive_0001_sync/image_02) by extension 'ros'
[0.225s] Level 1:colcon.colcon_core.package_identification:_identify(data/2011_09_26/2011_09_26_drive_0001_sync/image_02) by extensions ['cmake', 'python']
[0.225s] Level 1:colcon.colcon_core.package_identification:_identify(data/2011_09_26/2011_09_26_drive_0001_sync/image_02) by extension 'cmake'
[0.225s] Level 1:colcon.colcon_core.package_identification:_identify(data/2011_09_26/2011_09_26_drive_0001_sync/image_02) by extension 'python'
[0.225s] Level 1:colcon.colcon_core.package_identification:_identify(data/2011_09_26/2011_09_26_drive_0001_sync/image_02) by extensions ['python_setup_py']
[0.225s] Level 1:colcon.colcon_core.package_identification:_identify(data/2011_09_26/2011_09_26_drive_0001_sync/image_02) by extension 'python_setup_py'
[0.226s] Level 1:colcon.colcon_core.package_identification:_identify(data/2011_09_26/2011_09_26_drive_0001_sync/image_02/data) by extensions ['ignore', 'ignore_ament_install']
[0.226s] Level 1:colcon.colcon_core.package_identification:_identify(data/2011_09_26/2011_09_26_drive_0001_sync/image_02/data) by extension 'ignore'
[0.226s] Level 1:colcon.colcon_core.package_identification:_identify(data/2011_09_26/2011_09_26_drive_0001_sync/image_02/data) by extension 'ignore_ament_install'
[0.226s] Level 1:colcon.colcon_core.package_identification:_identify(data/2011_09_26/2011_09_26_drive_0001_sync/image_02/data) by extensions ['colcon_pkg']
[0.226s] Level 1:colcon.colcon_core.package_identification:_identify(data/2011_09_26/2011_09_26_drive_0001_sync/image_02/data) by extension 'colcon_pkg'
[0.226s] Level 1:colcon.colcon_core.package_identification:_identify(data/2011_09_26/2011_09_26_drive_0001_sync/image_02/data) by extensions ['colcon_meta']
[0.226s] Level 1:colcon.colcon_core.package_identification:_identify(data/2011_09_26/2011_09_26_drive_0001_sync/image_02/data) by extension 'colcon_meta'
[0.226s] Level 1:colcon.colcon_core.package_identification:_identify(data/2011_09_26/2011_09_26_drive_0001_sync/image_02/data) by extensions ['ros']
[0.226s] Level 1:colcon.colcon_core.package_identification:_identify(data/2011_09_26/2011_09_26_drive_0001_sync/image_02/data) by extension 'ros'
[0.226s] Level 1:colcon.colcon_core.package_identification:_identify(data/2011_09_26/2011_09_26_drive_0001_sync/image_02/data) by extensions ['cmake', 'python']
[0.226s] Level 1:colcon.colcon_core.package_identification:_identify(data/2011_09_26/2011_09_26_drive_0001_sync/image_02/data) by extension 'cmake'
[0.226s] Level 1:colcon.colcon_core.package_identification:_identify(data/2011_09_26/2011_09_26_drive_0001_sync/image_02/data) by extension 'python'
[0.226s] Level 1:colcon.colcon_core.package_identification:_identify(data/2011_09_26/2011_09_26_drive_0001_sync/image_02/data) by extensions ['python_setup_py']
[0.226s] Level 1:colcon.colcon_core.package_identification:_identify(data/2011_09_26/2011_09_26_drive_0001_sync/image_02/data) by extension 'python_setup_py'
[0.227s] Level 1:colcon.colcon_core.package_identification:_identify(data/2011_09_26/2011_09_26_drive_0001_sync/image_03) by extensions ['ignore', 'ignore_ament_install']
[0.227s] Level 1:colcon.colcon_core.package_identification:_identify(data/2011_09_26/2011_09_26_drive_0001_sync/image_03) by extension 'ignore'
[0.227s] Level 1:colcon.colcon_core.package_identification:_identify(data/2011_09_26/2011_09_26_drive_0001_sync/image_03) by extension 'ignore_ament_install'
[0.227s] Level 1:colcon.colcon_core.package_identification:_identify(data/2011_09_26/2011_09_26_drive_0001_sync/image_03) by extensions ['colcon_pkg']
[0.227s] Level 1:colcon.colcon_core.package_identification:_identify(data/2011_09_26/2011_09_26_drive_0001_sync/image_03) by extension 'colcon_pkg'
[0.227s] Level 1:colcon.colcon_core.package_identification:_identify(data/2011_09_26/2011_09_26_drive_0001_sync/image_03) by extensions ['colcon_meta']
[0.227s] Level 1:colcon.colcon_core.package_identification:_identify(data/2011_09_26/2011_09_26_drive_0001_sync/image_03) by extension 'colcon_meta'
[0.227s] Level 1:colcon.colcon_core.package_identification:_identify(data/2011_09_26/2011_09_26_drive_0001_sync/image_03) by extensions ['ros']
[0.227s] Level 1:colcon.colcon_core.package_identification:_identify(data/2011_09_26/2011_09_26_drive_0001_sync/image_03) by extension 'ros'
[0.227s] Level 1:colcon.colcon_core.package_identification:_identify(data/2011_09_26/2011_09_26_drive_0001_sync/image_03) by extensions ['cmake', 'python']
[0.227s] Level 1:colcon.colcon_core.package_identification:_identify(data/2011_09_26/2011_09_26_drive_0001_sync/image_03) by extension 'cmake'
[0.227s] Level 1:colcon.colcon_core.package_identification:_identify(data/2011_09_26/2011_09_26_drive_0001_sync/image_03) by extension 'python'
[0.227s] Level 1:colcon.colcon_core.package_identification:_identify(data/2011_09_26/2011_09_26_drive_0001_sync/image_03) by extensions ['python_setup_py']
[0.227s] Level 1:colcon.colcon_core.package_identification:_identify(data/2011_09_26/2011_09_26_drive_0001_sync/image_03) by extension 'python_setup_py'
[0.227s] Level 1:colcon.colcon_core.package_identification:_identify(data/2011_09_26/2011_09_26_drive_0001_sync/image_03/data) by extensions ['ignore', 'ignore_ament_install']
[0.227s] Level 1:colcon.colcon_core.package_identification:_identify(data/2011_09_26/2011_09_26_drive_0001_sync/image_03/data) by extension 'ignore'
[0.227s] Level 1:colcon.colcon_core.package_identification:_identify(data/2011_09_26/2011_09_26_drive_0001_sync/image_03/data) by extension 'ignore_ament_install'
[0.227s] Level 1:colcon.colcon_core.package_identification:_identify(data/2011_09_26/2011_09_26_drive_0001_sync/image_03/data) by extensions ['colcon_pkg']
[0.227s] Level 1:colcon.colcon_core.package_identification:_identify(data/2011_09_26/2011_09_26_drive_0001_sync/image_03/data) by extension 'colcon_pkg'
[0.227s] Level 1:colcon.colcon_core.package_identification:_identify(data/2011_09_26/2011_09_26_drive_0001_sync/image_03/data) by extensions ['colcon_meta']
[0.227s] Level 1:colcon.colcon_core.package_identification:_identify(data/2011_09_26/2011_09_26_drive_0001_sync/image_03/data) by extension 'colcon_meta'
[0.227s] Level 1:colcon.colcon_core.package_identification:_identify(data/2011_09_26/2011_09_26_drive_0001_sync/image_03/data) by extensions ['ros']
[0.227s] Level 1:colcon.colcon_core.package_identification:_identify(data/2011_09_26/2011_09_26_drive_0001_sync/image_03/data) by extension 'ros'
[0.228s] Level 1:colcon.colcon_core.package_identification:_identify(data/2011_09_26/2011_09_26_drive_0001_sync/image_03/data) by extensions ['cmake', 'python']
[0.228s] Level 1:colcon.colcon_core.package_identification:_identify(data/2011_09_26/2011_09_26_drive_0001_sync/image_03/data) by extension 'cmake'
[0.228s] Level 1:colcon.colcon_core.package_identification:_identify(data/2011_09_26/2011_09_26_drive_0001_sync/image_03/data) by extension 'python'
[0.228s] Level 1:colcon.colcon_core.package_identification:_identify(data/2011_09_26/2011_09_26_drive_0001_sync/image_03/data) by extensions ['python_setup_py']
[0.228s] Level 1:colcon.colcon_core.package_identification:_identify(data/2011_09_26/2011_09_26_drive_0001_sync/image_03/data) by extension 'python_setup_py'
[0.228s] Level 1:colcon.colcon_core.package_identification:_identify(data/2011_09_26/2011_09_26_drive_0001_sync/oxts) by extensions ['ignore', 'ignore_ament_install']
[0.228s] Level 1:colcon.colcon_core.package_identification:_identify(data/2011_09_26/2011_09_26_drive_0001_sync/oxts) by extension 'ignore'
[0.228s] Level 1:colcon.colcon_core.package_identification:_identify(data/2011_09_26/2011_09_26_drive_0001_sync/oxts) by extension 'ignore_ament_install'
[0.228s] Level 1:colcon.colcon_core.package_identification:_identify(data/2011_09_26/2011_09_26_drive_0001_sync/oxts) by extensions ['colcon_pkg']
[0.228s] Level 1:colcon.colcon_core.package_identification:_identify(data/2011_09_26/2011_09_26_drive_0001_sync/oxts) by extension 'colcon_pkg'
[0.228s] Level 1:colcon.colcon_core.package_identification:_identify(data/2011_09_26/2011_09_26_drive_0001_sync/oxts) by extensions ['colcon_meta']
[0.228s] Level 1:colcon.colcon_core.package_identification:_identify(data/2011_09_26/2011_09_26_drive_0001_sync/oxts) by extension 'colcon_meta'
[0.228s] Level 1:colcon.colcon_core.package_identification:_identify(data/2011_09_26/2011_09_26_drive_0001_sync/oxts) by extensions ['ros']
[0.228s] Level 1:colcon.colcon_core.package_identification:_identify(data/2011_09_26/2011_09_26_drive_0001_sync/oxts) by extension 'ros'
[0.228s] Level 1:colcon.colcon_core.package_identification:_identify(data/2011_09_26/2011_09_26_drive_0001_sync/oxts) by extensions ['cmake', 'python']
[0.228s] Level 1:colcon.colcon_core.package_identification:_identify(data/2011_09_26/2011_09_26_drive_0001_sync/oxts) by extension 'cmake'
[0.228s] Level 1:colcon.colcon_core.package_identification:_identify(data/2011_09_26/2011_09_26_drive_0001_sync/oxts) by extension 'python'
[0.228s] Level 1:colcon.colcon_core.package_identification:_identify(data/2011_09_26/2011_09_26_drive_0001_sync/oxts) by extensions ['python_setup_py']
[0.228s] Level 1:colcon.colcon_core.package_identification:_identify(data/2011_09_26/2011_09_26_drive_0001_sync/oxts) by extension 'python_setup_py'
[0.228s] Level 1:colcon.colcon_core.package_identification:_identify(data/2011_09_26/2011_09_26_drive_0001_sync/oxts/data) by extensions ['ignore', 'ignore_ament_install']
[0.228s] Level 1:colcon.colcon_core.package_identification:_identify(data/2011_09_26/2011_09_26_drive_0001_sync/oxts/data) by extension 'ignore'
[0.228s] Level 1:colcon.colcon_core.package_identification:_identify(data/2011_09_26/2011_09_26_drive_0001_sync/oxts/data) by extension 'ignore_ament_install'
[0.228s] Level 1:colcon.colcon_core.package_identification:_identify(data/2011_09_26/2011_09_26_drive_0001_sync/oxts/data) by extensions ['colcon_pkg']
[0.228s] Level 1:colcon.colcon_core.package_identification:_identify(data/2011_09_26/2011_09_26_drive_0001_sync/oxts/data) by extension 'colcon_pkg'
[0.228s] Level 1:colcon.colcon_core.package_identification:_identify(data/2011_09_26/2011_09_26_drive_0001_sync/oxts/data) by extensions ['colcon_meta']
[0.228s] Level 1:colcon.colcon_core.package_identification:_identify(data/2011_09_26/2011_09_26_drive_0001_sync/oxts/data) by extension 'colcon_meta'
[0.228s] Level 1:colcon.colcon_core.package_identification:_identify(data/2011_09_26/2011_09_26_drive_0001_sync/oxts/data) by extensions ['ros']
[0.228s] Level 1:colcon.colcon_core.package_identification:_identify(data/2011_09_26/2011_09_26_drive_0001_sync/oxts/data) by extension 'ros'
[0.228s] Level 1:colcon.colcon_core.package_identification:_identify(data/2011_09_26/2011_09_26_drive_0001_sync/oxts/data) by extensions ['cmake', 'python']
[0.228s] Level 1:colcon.colcon_core.package_identification:_identify(data/2011_09_26/2011_09_26_drive_0001_sync/oxts/data) by extension 'cmake'
[0.228s] Level 1:colcon.colcon_core.package_identification:_identify(data/2011_09_26/2011_09_26_drive_0001_sync/oxts/data) by extension 'python'
[0.228s] Level 1:colcon.colcon_core.package_identification:_identify(data/2011_09_26/2011_09_26_drive_0001_sync/oxts/data) by extensions ['python_setup_py']
[0.228s] Level 1:colcon.colcon_core.package_identification:_identify(data/2011_09_26/2011_09_26_drive_0001_sync/oxts/data) by extension 'python_setup_py'
[0.229s] Level 1:colcon.colcon_core.package_identification:_identify(data/2011_09_26/2011_09_26_drive_0001_sync/velodyne_points) by extensions ['ignore', 'ignore_ament_install']
[0.229s] Level 1:colcon.colcon_core.package_identification:_identify(data/2011_09_26/2011_09_26_drive_0001_sync/velodyne_points) by extension 'ignore'
[0.229s] Level 1:colcon.colcon_core.package_identification:_identify(data/2011_09_26/2011_09_26_drive_0001_sync/velodyne_points) by extension 'ignore_ament_install'
[0.229s] Level 1:colcon.colcon_core.package_identification:_identify(data/2011_09_26/2011_09_26_drive_0001_sync/velodyne_points) by extensions ['colcon_pkg']
[0.229s] Level 1:colcon.colcon_core.package_identification:_identify(data/2011_09_26/2011_09_26_drive_0001_sync/velodyne_points) by extension 'colcon_pkg'
[0.229s] Level 1:colcon.colcon_core.package_identification:_identify(data/2011_09_26/2011_09_26_drive_0001_sync/velodyne_points) by extensions ['colcon_meta']
[0.229s] Level 1:colcon.colcon_core.package_identification:_identify(data/2011_09_26/2011_09_26_drive_0001_sync/velodyne_points) by extension 'colcon_meta'
[0.229s] Level 1:colcon.colcon_core.package_identification:_identify(data/2011_09_26/2011_09_26_drive_0001_sync/velodyne_points) by extensions ['ros']
[0.229s] Level 1:colcon.colcon_core.package_identification:_identify(data/2011_09_26/2011_09_26_drive_0001_sync/velodyne_points) by extension 'ros'
[0.229s] Level 1:colcon.colcon_core.package_identification:_identify(data/2011_09_26/2011_09_26_drive_0001_sync/velodyne_points) by extensions ['cmake', 'python']
[0.229s] Level 1:colcon.colcon_core.package_identification:_identify(data/2011_09_26/2011_09_26_drive_0001_sync/velodyne_points) by extension 'cmake'
[0.229s] Level 1:colcon.colcon_core.package_identification:_identify(data/2011_09_26/2011_09_26_drive_0001_sync/velodyne_points) by extension 'python'
[0.229s] Level 1:colcon.colcon_core.package_identification:_identify(data/2011_09_26/2011_09_26_drive_0001_sync/velodyne_points) by extensions ['python_setup_py']
[0.229s] Level 1:colcon.colcon_core.package_identification:_identify(data/2011_09_26/2011_09_26_drive_0001_sync/velodyne_points) by extension 'python_setup_py'
[0.229s] Level 1:colcon.colcon_core.package_identification:_identify(data/2011_09_26/2011_09_26_drive_0001_sync/velodyne_points/data) by extensions ['ignore', 'ignore_ament_install']
[0.229s] Level 1:colcon.colcon_core.package_identification:_identify(data/2011_09_26/2011_09_26_drive_0001_sync/velodyne_points/data) by extension 'ignore'
[0.229s] Level 1:colcon.colcon_core.package_identification:_identify(data/2011_09_26/2011_09_26_drive_0001_sync/velodyne_points/data) by extension 'ignore_ament_install'
[0.229s] Level 1:colcon.colcon_core.package_identification:_identify(data/2011_09_26/2011_09_26_drive_0001_sync/velodyne_points/data) by extensions ['colcon_pkg']
[0.229s] Level 1:colcon.colcon_core.package_identification:_identify(data/2011_09_26/2011_09_26_drive_0001_sync/velodyne_points/data) by extension 'colcon_pkg'
[0.229s] Level 1:colcon.colcon_core.package_identification:_identify(data/2011_09_26/2011_09_26_drive_0001_sync/velodyne_points/data) by extensions ['colcon_meta']
[0.229s] Level 1:colcon.colcon_core.package_identification:_identify(data/2011_09_26/2011_09_26_drive_0001_sync/velodyne_points/data) by extension 'colcon_meta'
[0.229s] Level 1:colcon.colcon_core.package_identification:_identify(data/2011_09_26/2011_09_26_drive_0001_sync/velodyne_points/data) by extensions ['ros']
[0.229s] Level 1:colcon.colcon_core.package_identification:_identify(data/2011_09_26/2011_09_26_drive_0001_sync/velodyne_points/data) by extension 'ros'
[0.229s] Level 1:colcon.colcon_core.package_identification:_identify(data/2011_09_26/2011_09_26_drive_0001_sync/velodyne_points/data) by extensions ['cmake', 'python']
[0.229s] Level 1:colcon.colcon_core.package_identification:_identify(data/2011_09_26/2011_09_26_drive_0001_sync/velodyne_points/data) by extension 'cmake'
[0.229s] Level 1:colcon.colcon_core.package_identification:_identify(data/2011_09_26/2011_09_26_drive_0001_sync/velodyne_points/data) by extension 'python'
[0.229s] Level 1:colcon.colcon_core.package_identification:_identify(data/2011_09_26/2011_09_26_drive_0001_sync/velodyne_points/data) by extensions ['python_setup_py']
[0.229s] Level 1:colcon.colcon_core.package_identification:_identify(data/2011_09_26/2011_09_26_drive_0001_sync/velodyne_points/data) by extension 'python_setup_py'
[0.230s] Level 1:colcon.colcon_core.package_identification:_identify(install) by extensions ['ignore', 'ignore_ament_install']
[0.230s] Level 1:colcon.colcon_core.package_identification:_identify(install) by extension 'ignore'
[0.230s] Level 1:colcon.colcon_core.package_identification:_identify(install) ignored
[0.230s] Level 1:colcon.colcon_core.package_identification:_identify(log) by extensions ['ignore', 'ignore_ament_install']
[0.230s] Level 1:colcon.colcon_core.package_identification:_identify(log) by extension 'ignore'
[0.230s] Level 1:colcon.colcon_core.package_identification:_identify(log) ignored
[0.230s] Level 1:colcon.colcon_core.package_identification:_identify(src) by extensions ['ignore', 'ignore_ament_install']
[0.230s] Level 1:colcon.colcon_core.package_identification:_identify(src) by extension 'ignore'
[0.230s] Level 1:colcon.colcon_core.package_identification:_identify(src) by extension 'ignore_ament_install'
[0.230s] Level 1:colcon.colcon_core.package_identification:_identify(src) by extensions ['colcon_pkg']
[0.230s] Level 1:colcon.colcon_core.package_identification:_identify(src) by extension 'colcon_pkg'
[0.230s] Level 1:colcon.colcon_core.package_identification:_identify(src) by extensions ['colcon_meta']
[0.230s] Level 1:colcon.colcon_core.package_identification:_identify(src) by extension 'colcon_meta'
[0.230s] Level 1:colcon.colcon_core.package_identification:_identify(src) by extensions ['ros']
[0.230s] Level 1:colcon.colcon_core.package_identification:_identify(src) by extension 'ros'
[0.230s] Level 1:colcon.colcon_core.package_identification:_identify(src) by extensions ['cmake', 'python']
[0.230s] Level 1:colcon.colcon_core.package_identification:_identify(src) by extension 'cmake'
[0.230s] Level 1:colcon.colcon_core.package_identification:_identify(src) by extension 'python'
[0.230s] Level 1:colcon.colcon_core.package_identification:_identify(src) by extensions ['python_setup_py']
[0.230s] Level 1:colcon.colcon_core.package_identification:_identify(src) by extension 'python_setup_py'
[0.231s] Level 1:colcon.colcon_core.package_identification:_identify(src/ros2_kitti_publishers) by extensions ['ignore', 'ignore_ament_install']
[0.231s] Level 1:colcon.colcon_core.package_identification:_identify(src/ros2_kitti_publishers) by extension 'ignore'
[0.231s] Level 1:colcon.colcon_core.package_identification:_identify(src/ros2_kitti_publishers) by extension 'ignore_ament_install'
[0.231s] Level 1:colcon.colcon_core.package_identification:_identify(src/ros2_kitti_publishers) by extensions ['colcon_pkg']
[0.231s] Level 1:colcon.colcon_core.package_identification:_identify(src/ros2_kitti_publishers) by extension 'colcon_pkg'
[0.231s] Level 1:colcon.colcon_core.package_identification:_identify(src/ros2_kitti_publishers) by extensions ['colcon_meta']
[0.231s] Level 1:colcon.colcon_core.package_identification:_identify(src/ros2_kitti_publishers) by extension 'colcon_meta'
[0.231s] Level 1:colcon.colcon_core.package_identification:_identify(src/ros2_kitti_publishers) by extensions ['ros']
[0.231s] Level 1:colcon.colcon_core.package_identification:_identify(src/ros2_kitti_publishers) by extension 'ros'
[0.233s] DEBUG:colcon.colcon_core.package_identification:Package 'src/ros2_kitti_publishers' with type 'ros.ament_cmake' and name 'ros2_kitti_publishers'
[0.233s] Level 1:colcon.colcon_core.package_discovery:discover_packages(recursive) using defaults
[0.233s] Level 1:colcon.colcon_core.package_discovery:discover_packages(ignore) discover
[0.233s] Level 1:colcon.colcon_core.package_discovery:discover_packages(ignore) using defaults
[0.233s] Level 1:colcon.colcon_core.package_discovery:discover_packages(path) discover
[0.233s] Level 1:colcon.colcon_core.package_discovery:discover_packages(path) using defaults
[0.251s] Level 1:colcon.colcon_core.package_discovery:discover_packages(prefix_path) check parameters
[0.251s] Level 1:colcon.colcon_core.package_discovery:discover_packages(prefix_path) discover
[0.253s] DEBUG:colcon.colcon_installed_package_information.package_discovery:Found 1 installed packages in /home/zhaozhenkai/ros2_ws/install
[0.254s] DEBUG:colcon.colcon_installed_package_information.package_discovery:Found 286 installed packages in /opt/ros/jazzy
[0.256s] Level 1:colcon.colcon_core.package_discovery:discover_packages(prefix_path) using defaults
[0.283s] Level 5:colcon.colcon_core.verb:set package 'ros2_kitti_publishers' build argument 'cmake_args' from command line to 'None'
[0.283s] Level 5:colcon.colcon_core.verb:set package 'ros2_kitti_publishers' build argument 'cmake_target' from command line to 'None'
[0.283s] Level 5:colcon.colcon_core.verb:set package 'ros2_kitti_publishers' build argument 'cmake_target_skip_unavailable' from command line to 'False'
[0.283s] Level 5:colcon.colcon_core.verb:set package 'ros2_kitti_publishers' build argument 'cmake_clean_cache' from command line to 'True'
[0.283s] Level 5:colcon.colcon_core.verb:set package 'ros2_kitti_publishers' build argument 'cmake_clean_first' from command line to 'False'
[0.283s] Level 5:colcon.colcon_core.verb:set package 'ros2_kitti_publishers' build argument 'cmake_force_configure' from command line to 'False'
[0.283s] Level 5:colcon.colcon_core.verb:set package 'ros2_kitti_publishers' build argument 'ament_cmake_args' from command line to 'None'
[0.283s] Level 5:colcon.colcon_core.verb:set package 'ros2_kitti_publishers' build argument 'catkin_cmake_args' from command line to 'None'
[0.283s] Level 5:colcon.colcon_core.verb:set package 'ros2_kitti_publishers' build argument 'catkin_skip_building_tests' from command line to 'False'
[0.283s] DEBUG:colcon.colcon_core.verb:Building package 'ros2_kitti_publishers' with the following arguments: {'ament_cmake_args': None, 'build_base': '/home/zhaozhenkai/ros2_ws/build/ros2_kitti_publishers', 'catkin_cmake_args': None, 'catkin_skip_building_tests': False, 'cmake_args': None, 'cmake_clean_cache': True, 'cmake_clean_first': False, 'cmake_force_configure': False, 'cmake_target': None, 'cmake_target_skip_unavailable': False, 'install_base': '/home/zhaozhenkai/ros2_ws/install/ros2_kitti_publishers', 'merge_install': False, 'path': '/home/zhaozhenkai/ros2_ws/src/ros2_kitti_publishers', 'symlink_install': False, 'test_result_base': None}
[0.283s] INFO:colcon.colcon_core.executor:Executing jobs using 'parallel' executor
[0.284s] DEBUG:colcon.colcon_parallel_executor.executor.parallel:run_until_complete
[0.284s] INFO:colcon.colcon_ros.task.ament_cmake.build:Building ROS package in '/home/zhaozhenkai/ros2_ws/src/ros2_kitti_publishers' with build type 'ament_cmake'
[0.284s] INFO:colcon.colcon_cmake.task.cmake.build:Building CMake package in '/home/zhaozhenkai/ros2_ws/src/ros2_kitti_publishers'
[0.290s] INFO:colcon.colcon_core.plugin_system:Skipping extension 'colcon_core.shell.bat': Not used on non-Windows systems
[0.290s] INFO:colcon.colcon_core.shell:Skip shell extension 'powershell' for command environment: Not usable outside of PowerShell
[0.290s] DEBUG:colcon.colcon_core.shell:Skip shell extension 'dsv' for command environment
[0.296s] DEBUG:colcon.colcon_core.event_handler.log_command:Invoking command in '/home/zhaozhenkai/ros2_ws/build/ros2_kitti_publishers': CMAKE_PREFIX_PATH=${CMAKE_PREFIX_PATH}:/opt/ros/jazzy /usr/bin/cmake /home/zhaozhenkai/ros2_ws/src/ros2_kitti_publishers -DCMAKE_INSTALL_PREFIX=/home/zhaozhenkai/ros2_ws/install/ros2_kitti_publishers
[18.939s] DEBUG:colcon.colcon_core.event_handler.log_command:Invoked command in '/home/zhaozhenkai/ros2_ws/build/ros2_kitti_publishers' returned '0': CMAKE_PREFIX_PATH=${CMAKE_PREFIX_PATH}:/opt/ros/jazzy /usr/bin/cmake /home/zhaozhenkai/ros2_ws/src/ros2_kitti_publishers -DCMAKE_INSTALL_PREFIX=/home/zhaozhenkai/ros2_ws/install/ros2_kitti_publishers
[18.940s] DEBUG:colcon.colcon_core.event_handler.log_command:Invoking command in '/home/zhaozhenkai/ros2_ws/build/ros2_kitti_publishers': CMAKE_PREFIX_PATH=${CMAKE_PREFIX_PATH}:/opt/ros/jazzy /usr/bin/cmake --build /home/zhaozhenkai/ros2_ws/build/ros2_kitti_publishers -- -j20 -l20
[19.029s] DEBUG:colcon.colcon_core.event_handler.log_command:Invoked command in '/home/zhaozhenkai/ros2_ws/build/ros2_kitti_publishers' returned '0': CMAKE_PREFIX_PATH=${CMAKE_PREFIX_PATH}:/opt/ros/jazzy /usr/bin/cmake --build /home/zhaozhenkai/ros2_ws/build/ros2_kitti_publishers -- -j20 -l20
[19.036s] DEBUG:colcon.colcon_core.event_handler.log_command:Invoking command in '/home/zhaozhenkai/ros2_ws/build/ros2_kitti_publishers': CMAKE_PREFIX_PATH=${CMAKE_PREFIX_PATH}:/opt/ros/jazzy /usr/bin/cmake --install /home/zhaozhenkai/ros2_ws/build/ros2_kitti_publishers
[19.048s] Level 1:colcon.colcon_core.environment:create_environment_scripts_only(ros2_kitti_publishers)
[19.049s] DEBUG:colcon.colcon_core.event_handler.log_command:Invoked command in '/home/zhaozhenkai/ros2_ws/build/ros2_kitti_publishers' returned '0': CMAKE_PREFIX_PATH=${CMAKE_PREFIX_PATH}:/opt/ros/jazzy /usr/bin/cmake --install /home/zhaozhenkai/ros2_ws/build/ros2_kitti_publishers
[19.053s] Level 1:colcon.colcon_core.environment:checking '/home/zhaozhenkai/ros2_ws/install/ros2_kitti_publishers' for CMake module files
[19.054s] Level 1:colcon.colcon_core.environment:checking '/home/zhaozhenkai/ros2_ws/install/ros2_kitti_publishers' for CMake config files
[19.054s] Level 1:colcon.colcon_core.shell:create_environment_hook('ros2_kitti_publishers', 'cmake_prefix_path')
[19.055s] INFO:colcon.colcon_core.shell:Creating environment hook '/home/zhaozhenkai/ros2_ws/install/ros2_kitti_publishers/share/ros2_kitti_publishers/hook/cmake_prefix_path.ps1'
[19.055s] INFO:colcon.colcon_core.shell:Creating environment descriptor '/home/zhaozhenkai/ros2_ws/install/ros2_kitti_publishers/share/ros2_kitti_publishers/hook/cmake_prefix_path.dsv'
[19.056s] INFO:colcon.colcon_core.shell:Creating environment hook '/home/zhaozhenkai/ros2_ws/install/ros2_kitti_publishers/share/ros2_kitti_publishers/hook/cmake_prefix_path.sh'
[19.056s] Level 1:colcon.colcon_core.environment:checking '/home/zhaozhenkai/ros2_ws/install/ros2_kitti_publishers/lib'
[19.057s] Level 1:colcon.colcon_core.shell:create_environment_hook('ros2_kitti_publishers', 'ld_library_path_lib')
[19.057s] INFO:colcon.colcon_core.shell:Creating environment hook '/home/zhaozhenkai/ros2_ws/install/ros2_kitti_publishers/share/ros2_kitti_publishers/hook/ld_library_path_lib.ps1'
[19.057s] INFO:colcon.colcon_core.shell:Creating environment descriptor '/home/zhaozhenkai/ros2_ws/install/ros2_kitti_publishers/share/ros2_kitti_publishers/hook/ld_library_path_lib.dsv'
[19.057s] INFO:colcon.colcon_core.shell:Creating environment hook '/home/zhaozhenkai/ros2_ws/install/ros2_kitti_publishers/share/ros2_kitti_publishers/hook/ld_library_path_lib.sh'
[19.057s] Level 1:colcon.colcon_core.environment:checking '/home/zhaozhenkai/ros2_ws/install/ros2_kitti_publishers/bin'
[19.057s] Level 1:colcon.colcon_core.environment:checking '/home/zhaozhenkai/ros2_ws/install/ros2_kitti_publishers/lib/pkgconfig/ros2_kitti_publishers.pc'
[19.057s] Level 1:colcon.colcon_core.environment:checking '/home/zhaozhenkai/ros2_ws/install/ros2_kitti_publishers/lib/python3.12/site-packages'
[19.058s] Level 1:colcon.colcon_core.environment:checking '/home/zhaozhenkai/ros2_ws/install/ros2_kitti_publishers/bin'
[19.058s] INFO:colcon.colcon_core.shell:Creating package script '/home/zhaozhenkai/ros2_ws/install/ros2_kitti_publishers/share/ros2_kitti_publishers/package.ps1'
[19.058s] INFO:colcon.colcon_core.shell:Creating package descriptor '/home/zhaozhenkai/ros2_ws/install/ros2_kitti_publishers/share/ros2_kitti_publishers/package.dsv'
[19.059s] INFO:colcon.colcon_core.shell:Creating package script '/home/zhaozhenkai/ros2_ws/install/ros2_kitti_publishers/share/ros2_kitti_publishers/package.sh'
[19.059s] INFO:colcon.colcon_core.shell:Creating package script '/home/zhaozhenkai/ros2_ws/install/ros2_kitti_publishers/share/ros2_kitti_publishers/package.bash'
[19.060s] INFO:colcon.colcon_core.shell:Creating package script '/home/zhaozhenkai/ros2_ws/install/ros2_kitti_publishers/share/ros2_kitti_publishers/package.zsh'
[19.060s] Level 1:colcon.colcon_core.environment:create_file_with_runtime_dependencies(/home/zhaozhenkai/ros2_ws/install/ros2_kitti_publishers/share/colcon-core/packages/ros2_kitti_publishers)
[19.061s] Level 1:colcon.colcon_core.environment:create_environment_scripts_only(ros2_kitti_publishers)
[19.061s] Level 1:colcon.colcon_core.environment:checking '/home/zhaozhenkai/ros2_ws/install/ros2_kitti_publishers' for CMake module files
[19.061s] Level 1:colcon.colcon_core.environment:checking '/home/zhaozhenkai/ros2_ws/install/ros2_kitti_publishers' for CMake config files
[19.061s] Level 1:colcon.colcon_core.shell:create_environment_hook('ros2_kitti_publishers', 'cmake_prefix_path')
[19.061s] INFO:colcon.colcon_core.shell:Creating environment hook '/home/zhaozhenkai/ros2_ws/install/ros2_kitti_publishers/share/ros2_kitti_publishers/hook/cmake_prefix_path.ps1'
[19.061s] INFO:colcon.colcon_core.shell:Creating environment descriptor '/home/zhaozhenkai/ros2_ws/install/ros2_kitti_publishers/share/ros2_kitti_publishers/hook/cmake_prefix_path.dsv'
[19.062s] INFO:colcon.colcon_core.shell:Creating environment hook '/home/zhaozhenkai/ros2_ws/install/ros2_kitti_publishers/share/ros2_kitti_publishers/hook/cmake_prefix_path.sh'
[19.062s] Level 1:colcon.colcon_core.environment:checking '/home/zhaozhenkai/ros2_ws/install/ros2_kitti_publishers/lib'
[19.062s] Level 1:colcon.colcon_core.shell:create_environment_hook('ros2_kitti_publishers', 'ld_library_path_lib')
[19.062s] INFO:colcon.colcon_core.shell:Creating environment hook '/home/zhaozhenkai/ros2_ws/install/ros2_kitti_publishers/share/ros2_kitti_publishers/hook/ld_library_path_lib.ps1'
[19.062s] INFO:colcon.colcon_core.shell:Creating environment descriptor '/home/zhaozhenkai/ros2_ws/install/ros2_kitti_publishers/share/ros2_kitti_publishers/hook/ld_library_path_lib.dsv'
[19.063s] INFO:colcon.colcon_core.shell:Creating environment hook '/home/zhaozhenkai/ros2_ws/install/ros2_kitti_publishers/share/ros2_kitti_publishers/hook/ld_library_path_lib.sh'
[19.063s] Level 1:colcon.colcon_core.environment:checking '/home/zhaozhenkai/ros2_ws/install/ros2_kitti_publishers/bin'
[19.063s] Level 1:colcon.colcon_core.environment:checking '/home/zhaozhenkai/ros2_ws/install/ros2_kitti_publishers/lib/pkgconfig/ros2_kitti_publishers.pc'
[19.063s] Level 1:colcon.colcon_core.environment:checking '/home/zhaozhenkai/ros2_ws/install/ros2_kitti_publishers/lib/python3.12/site-packages'
[19.063s] Level 1:colcon.colcon_core.environment:checking '/home/zhaozhenkai/ros2_ws/install/ros2_kitti_publishers/bin'
[19.063s] INFO:colcon.colcon_core.shell:Creating package script '/home/zhaozhenkai/ros2_ws/install/ros2_kitti_publishers/share/ros2_kitti_publishers/package.ps1'
[19.064s] INFO:colcon.colcon_core.shell:Creating package descriptor '/home/zhaozhenkai/ros2_ws/install/ros2_kitti_publishers/share/ros2_kitti_publishers/package.dsv'
[19.064s] INFO:colcon.colcon_core.shell:Creating package script '/home/zhaozhenkai/ros2_ws/install/ros2_kitti_publishers/share/ros2_kitti_publishers/package.sh'
[19.064s] INFO:colcon.colcon_core.shell:Creating package script '/home/zhaozhenkai/ros2_ws/install/ros2_kitti_publishers/share/ros2_kitti_publishers/package.bash'
[19.064s] INFO:colcon.colcon_core.shell:Creating package script '/home/zhaozhenkai/ros2_ws/install/ros2_kitti_publishers/share/ros2_kitti_publishers/package.zsh'
[19.065s] Level 1:colcon.colcon_core.environment:create_file_with_runtime_dependencies(/home/zhaozhenkai/ros2_ws/install/ros2_kitti_publishers/share/colcon-core/packages/ros2_kitti_publishers)
[19.065s] DEBUG:colcon.colcon_parallel_executor.executor.parallel:closing loop
[19.065s] DEBUG:colcon.colcon_parallel_executor.executor.parallel:loop closed
[19.065s] DEBUG:colcon.colcon_parallel_executor.executor.parallel:run_until_complete finished with '0'
[19.065s] DEBUG:colcon.colcon_core.event_reactor:joining thread
[19.081s] INFO:colcon.colcon_core.plugin_system:Skipping extension 'colcon_notification.desktop_notification.notify_send': Could not find 'notify-send'
[19.081s] INFO:colcon.colcon_core.plugin_system:Skipping extension 'colcon_notification.desktop_notification.terminal_notifier': Not used on non-Darwin systems
[19.081s] INFO:colcon.colcon_core.plugin_system:Skipping extension 'colcon_notification.desktop_notification.win32': Not used on non-Windows systems
[19.081s] INFO:colcon.colcon_notification.desktop_notification:Sending desktop notification using 'notify2'
[19.083s] DEBUG:colcon.colcon_notification.desktop_notification.notify2:Failed to initialize notify2: org.freedesktop.DBus.Error.ServiceUnknown: The name org.freedesktop.Notifications was not provided by any .service files
[19.083s] DEBUG:colcon.colcon_core.event_reactor:joined thread
[19.083s] INFO:colcon.colcon_core.shell:Creating prefix script '/home/zhaozhenkai/ros2_ws/install/local_setup.ps1'
[19.084s] INFO:colcon.colcon_core.shell:Creating prefix util module '/home/zhaozhenkai/ros2_ws/install/_local_setup_util_ps1.py'
[19.085s] INFO:colcon.colcon_core.shell:Creating prefix chain script '/home/zhaozhenkai/ros2_ws/install/setup.ps1'
[19.086s] INFO:colcon.colcon_core.shell:Creating prefix script '/home/zhaozhenkai/ros2_ws/install/local_setup.sh'
[19.086s] INFO:colcon.colcon_core.shell:Creating prefix util module '/home/zhaozhenkai/ros2_ws/install/_local_setup_util_sh.py'
[19.086s] INFO:colcon.colcon_core.shell:Creating prefix chain script '/home/zhaozhenkai/ros2_ws/install/setup.sh'
[19.087s] INFO:colcon.colcon_core.shell:Creating prefix script '/home/zhaozhenkai/ros2_ws/install/local_setup.bash'
[19.088s] INFO:colcon.colcon_core.shell:Creating prefix chain script '/home/zhaozhenkai/ros2_ws/install/setup.bash'
[19.088s] INFO:colcon.colcon_core.shell:Creating prefix script '/home/zhaozhenkai/ros2_ws/install/local_setup.zsh'
[19.089s] INFO:colcon.colcon_core.shell:Creating prefix chain script '/home/zhaozhenkai/ros2_ws/install/setup.zsh'
