[33mCMake Warning (dev) at CMakeLists.txt:1 (project):
  cmake_minimum_required() should be called prior to this top-level project()
  call.  Please see the cmake-commands(7) manual for usage documentation of
  both commands.
This warning is for project developers.  Use -Wno-dev to suppress it.
[0m
-- The C compiler identification is GNU 13.3.0
-- The CXX compiler identification is GNU 13.3.0
-- Detecting C compiler ABI info
-- Detecting C compiler ABI info - done
-- Check for working C compiler: /usr/bin/cc - skipped
-- Detecting C compile features
-- Detecting C compile features - done
-- Detecting CXX compiler ABI info
-- Detecting CXX compiler ABI info - done
-- Check for working CXX compiler: /usr/bin/c++ - skipped
-- Detecting CXX compile features
-- Detecting CXX compile features - done
-- Performing Test CMAKE_HAVE_LIBC_PTHREAD
-- Performing Test CMAKE_HAVE_LIBC_PTHREAD - Success
-- Found Threads: TRUE  
-- Found ament_cmake: 2.5.5 (/opt/ros/jazzy/share/ament_cmake/cmake)
-- Found Python3: /usr/bin/python3 (found version "3.12.3") found components: Interpreter 
-- Found rclcpp: 28.1.16 (/opt/ros/jazzy/share/rclcpp/cmake)
-- Found rosidl_generator_c: 4.6.7 (/opt/ros/jazzy/share/rosidl_generator_c/cmake)
-- Found rosidl_generator_cpp: 4.6.7 (/opt/ros/jazzy/share/rosidl_generator_cpp/cmake)
-- Using all available rosidl_typesupport_c: rosidl_typesupport_fastrtps_c;rosidl_typesupport_introspection_c
-- Using all available rosidl_typesupport_cpp: rosidl_typesupport_fastrtps_cpp;rosidl_typesupport_introspection_cpp
-- Found rmw_implementation_cmake: 7.3.3 (/opt/ros/jazzy/share/rmw_implementation_cmake/cmake)
-- Found rmw_fastrtps_cpp: 8.4.3 (/opt/ros/jazzy/share/rmw_fastrtps_cpp/cmake)
-- Found OpenSSL: /usr/lib/x86_64-linux-gnu/libcrypto.so (found version "3.0.13")  
-- Found FastRTPS: /opt/ros/jazzy/include (Required is at least version "2.13") 
-- Using RMW implementation 'rmw_fastrtps_cpp' as default
-- Found rclcpp_action: 28.1.16 (/opt/ros/jazzy/share/rclcpp_action/cmake)
-- Found rclcpp_lifecycle: 28.1.16 (/opt/ros/jazzy/share/rclcpp_lifecycle/cmake)
-- Found pluginlib: 5.4.4 (/opt/ros/jazzy/share/pluginlib/cmake)
-- Found std_msgs: 5.3.6 (/opt/ros/jazzy/share/std_msgs/cmake)
-- Found geometry_msgs: 5.3.6 (/opt/ros/jazzy/share/geometry_msgs/cmake)
-- Found sensor_msgs: 5.3.6 (/opt/ros/jazzy/share/sensor_msgs/cmake)
-- Found shape_msgs: 5.3.6 (/opt/ros/jazzy/share/shape_msgs/cmake)
-- Found tf2: 0.36.19 (/opt/ros/jazzy/share/tf2/cmake)
-- Found tf2_geometry_msgs: 0.36.19 (/opt/ros/jazzy/share/tf2_geometry_msgs/cmake)
-- Found eigen3_cmake_module: 0.3.0 (/opt/ros/jazzy/share/eigen3_cmake_module/cmake)
-- Found Eigen3: TRUE (found version "3.4.0") 
-- Ensuring Eigen3 include directory is part of orocos-kdl CMake target
-- Found visualization_msgs: 5.3.6 (/opt/ros/jazzy/share/visualization_msgs/cmake)
-- Found pcl_conversions: 2.6.2 (/opt/ros/jazzy/share/pcl_conversions/cmake)
[33mCMake Warning (dev) at /usr/lib/x86_64-linux-gnu/cmake/pcl/Modules/FindFLANN.cmake:45 (find_package):
  Policy CMP0144 is not set: find_package uses upper-case <PACKAGENAME>_ROOT
  variables.  Run "cmake --help-policy CMP0144" for policy details.  Use the
  cmake_policy command to set the policy and suppress this warning.

  CMake variable FLANN_ROOT is set to:

    /usr

  For compatibility, find_package is ignoring the variable, but code in a
  .cmake module might still use it.
Call Stack (most recent call first):
  /usr/lib/x86_64-linux-gnu/cmake/pcl/PCLConfig.cmake:261 (find_package)
  /usr/lib/x86_64-linux-gnu/cmake/pcl/PCLConfig.cmake:306 (find_flann)
  /usr/lib/x86_64-linux-gnu/cmake/pcl/PCLConfig.cmake:570 (find_external_library)
  /opt/ros/jazzy/share/pcl_conversions/cmake/ament_cmake_export_dependencies-extras.cmake:21 (find_package)
  /opt/ros/jazzy/share/pcl_conversions/cmake/pcl_conversionsConfig.cmake:41 (include)
  CMakeLists.txt:32 (find_package)
This warning is for project developers.  Use -Wno-dev to suppress it.
[0m
-- Found flann version 1.9.2
-- Found OpenMP_CXX: -fopenmp (found version "4.5") 
-- Found OpenMP: TRUE (found version "4.5") found components: CXX 
-- Checking for module 'libusb-1.0'
--   Found libusb-1.0, version 1.0.27
-- Found libusb: /usr/lib/x86_64-linux-gnu/libusb-1.0.so  
-- OpenNI found (version: 1.5.4.0, include: /usr/include/ni, lib: /usr/lib/libOpenNI.so;libusb::libusb)
-- OpenNI2 found (version: 2.2.0.33, include: /usr/include/openni2, lib: /usr/lib/x86_64-linux-gnu/libOpenNI2.so;libusb::libusb)
-- Could NOT find Pcap (missing: PCAP_LIBRARIES PCAP_INCLUDE_DIRS) 
-- Found ZLIB: /usr/lib/x86_64-linux-gnu/libz.so (found version "1.3")  
-- Found PNG: /usr/lib/x86_64-linux-gnu/libpng.so (found version "1.6.43") 
-- OpenNI found (version: 1.5.4.0, include: /usr/include/ni, lib: /usr/lib/libOpenNI.so;libusb::libusb)
-- OpenNI2 found (version: 2.2.0.33, include: /usr/include/openni2, lib: /usr/lib/x86_64-linux-gnu/libOpenNI2.so;libusb::libusb)
-- Found Qhull version 8.0.2
-- OpenNI found (version: 1.5.4.0, include: /usr/include/ni, lib: /usr/lib/libOpenNI.so;libusb::libusb)
-- Found PCL_COMMON: /usr/lib/x86_64-linux-gnu/libpcl_common.so  
-- Found PCL_KDTREE: /usr/lib/x86_64-linux-gnu/libpcl_kdtree.so  
-- Found PCL_OCTREE: /usr/lib/x86_64-linux-gnu/libpcl_octree.so  
-- Found PCL_SEARCH: /usr/lib/x86_64-linux-gnu/libpcl_search.so  
-- Found PCL_SAMPLE_CONSENSUS: /usr/lib/x86_64-linux-gnu/libpcl_sample_consensus.so  
-- Found PCL_FILTERS: /usr/lib/x86_64-linux-gnu/libpcl_filters.so  
-- Found PCL_2D: /usr/include/pcl-1.14  
-- Found PCL_GEOMETRY: /usr/include/pcl-1.14  
-- Found PCL_IO: /usr/lib/x86_64-linux-gnu/libpcl_io.so  
-- Found PCL_FEATURES: /usr/lib/x86_64-linux-gnu/libpcl_features.so  
-- Found PCL_ML: /usr/lib/x86_64-linux-gnu/libpcl_ml.so  
-- Found PCL_SEGMENTATION: /usr/lib/x86_64-linux-gnu/libpcl_segmentation.so  
-- Found PCL_VISUALIZATION: /usr/lib/x86_64-linux-gnu/libpcl_visualization.so  
-- Found PCL_SURFACE: /usr/lib/x86_64-linux-gnu/libpcl_surface.so  
-- Found PCL_REGISTRATION: /usr/lib/x86_64-linux-gnu/libpcl_registration.so  
-- Found PCL_KEYPOINTS: /usr/lib/x86_64-linux-gnu/libpcl_keypoints.so  
-- Found PCL_TRACKING: /usr/lib/x86_64-linux-gnu/libpcl_tracking.so  
-- Found PCL_RECOGNITION: /usr/lib/x86_64-linux-gnu/libpcl_recognition.so  
-- Found PCL_STEREO: /usr/lib/x86_64-linux-gnu/libpcl_stereo.so  
-- Found PCL_APPS: /usr/lib/x86_64-linux-gnu/libpcl_apps.so  
-- Found PCL_IN_HAND_SCANNER: /usr/include/pcl-1.14  
-- Found PCL_MODELER: /usr/include/pcl-1.14  
-- Found PCL_POINT_CLOUD_EDITOR: /usr/include/pcl-1.14  
-- Found PCL_OUTOFCORE: /usr/lib/x86_64-linux-gnu/libpcl_outofcore.so  
-- Found PCL_PEOPLE: /usr/lib/x86_64-linux-gnu/libpcl_people.so  
-- Found OpenCV: /usr (found version "4.6.0") 
-- Found Boost: /usr/lib/x86_64-linux-gnu/cmake/Boost-1.83.0/BoostConfig.cmake (found version "1.83.0") found components: system 
[33mCMake Warning (dev) at CMakeLists.txt:37 (find_package):
  Policy CMP0074 is not set: find_package uses <PackageName>_ROOT variables.
  Run "cmake --help-policy CMP0074" for policy details.  Use the cmake_policy
  command to set the policy and suppress this warning.

  CMake variable PCL_ROOT is set to:

    /usr

  For compatibility, CMake is ignoring the variable.
This warning is for project developers.  Use -Wno-dev to suppress it.
[0m
-- Configuring done (13.6s)
-- Generating done (0.1s)
-- Build files have been written to: /home/zhaozhenkai/ros2_ws/build/ros2_kitti_publishers
[ 25%] [32mBuilding CXX object CMakeFiles/ros2_kitti_publishers.dir/src/node/kitti_publishers_node.cpp.o[0m
In file included from [01m[K/opt/ros/jazzy/include/rclcpp/rclcpp/logging.hpp:24[m[K,
                 from [01m[K/opt/ros/jazzy/include/rclcpp/rclcpp/copy_all_parameter_values.hpp:27[m[K,
                 from [01m[K/opt/ros/jazzy/include/rclcpp/rclcpp/rclcpp.hpp:171[m[K,
                 from [01m[K/home/zhaozhenkai/ros2_ws/src/ros2_kitti_publishers/include/ros2_kitti_publishers/kitti_publishers_node.hpp:19[m[K,
                 from [01m[K/home/zhaozhenkai/ros2_ws/src/ros2_kitti_publishers/src/node/kitti_publishers_node.cpp:3[m[K:
[01m[K/home/zhaozhenkai/ros2_ws/src/ros2_kitti_publishers/src/node/kitti_publishers_node.cpp:[m[K In member function ‘[01m[Kvoid KittiPublishersNode::[01;32m[Kon_timer_callback[m[K()[m[K’:
[01m[K/home/zhaozhenkai/ros2_ws/src/ros2_kitti_publishers/src/node/kitti_publishers_node.cpp:60:37:[m[K [01;35m[Kwarning: [m[Kformat ‘[01m[K%i[m[K’ expects argument of type ‘[01m[Kint[m[K’, but argument 5 has type ‘[01m[Kstd::vector<std::__cxx11::basic_string<char>, std::allocator<std::__cxx11::basic_string<char> > >::size_type[m[K’ {aka ‘[01m[Klong unsigned int[m[K’} [[01;35m[K]8;;https://gcc.gnu.org/onlinedocs/gcc/Warning-Options.html#index-Wformat=-Wformat=]8;;[m[K]
   60 |     RCLCPP_INFO(this->get_logger(), [01;35m[K"OxTs size: '%i'"[m[K, [32m[Koxts_parsed_array.size()[m[K);
      |                                     [01;35m[K^~~~~~~~~~~~~~~~~[m[K  [32m[K~~~~~~~~~~~~~~~~~~~~~~~~[m[K
      |                                                                              [32m[K|[m[K
      |                                                                              [32m[Kstd::vector<std::__cxx11::basic_string<char>, std::allocator<std::__cxx11::basic_string<char> > >::size_type {aka long unsigned int}[m[K
[01m[K/home/zhaozhenkai/ros2_ws/src/ros2_kitti_publishers/src/node/kitti_publishers_node.cpp:60:51:[m[K [01;36m[Knote: [m[Kformat string is defined here
   60 |     RCLCPP_INFO(this->get_logger(), "OxTs size: '[01;36m[K%i[m[K'", oxts_parsed_array.size());
      |                                                  [01;36m[K~^[m[K
      |                                                   [01;36m[K|[m[K
      |                                                   [01;36m[Kint[m[K
      |                                                  [32m[K%li[m[K
[01m[K/home/zhaozhenkai/ros2_ws/src/ros2_kitti_publishers/src/node/kitti_publishers_node.cpp:[m[K In member function ‘[01m[Kstd::string KittiPublishersNode::[01;32m[Kget_path[m[K(PublisherType)[m[K’:
[01m[K/home/zhaozhenkai/ros2_ws/src/ros2_kitti_publishers/src/node/kitti_publishers_node.cpp:120:35:[m[K [01;35m[Kwarning: [m[Kformat ‘[01m[K%i[m[K’ expects argument of type ‘[01m[Kint[m[K’, but argument 5 has type ‘[01m[KKittiPublishersNode::PublisherType[m[K’ [[01;35m[K]8;;https://gcc.gnu.org/onlinedocs/gcc/Warning-Options.html#index-Wformat=-Wformat=]8;;[m[K]
  120 |   RCLCPP_INFO(this->get_logger(), [01;35m[K"get_path: '%i'"[m[K, [32m[Kpublisher_type[m[K);
      |                                   [01;35m[K^~~~~~~~~~~~~~~~[m[K  [32m[K~~~~~~~~~~~~~~[m[K
      |                                                     [32m[K|[m[K
      |                                                     [32m[KKittiPublishersNode::PublisherType[m[K
[01m[K/home/zhaozhenkai/ros2_ws/src/ros2_kitti_publishers/src/node/kitti_publishers_node.cpp:120:48:[m[K [01;36m[Knote: [m[Kformat string is defined here
  120 |   RCLCPP_INFO(this->get_logger(), "get_path: '[01;36m[K%i[m[K'", publisher_type);
      |                                               [01;36m[K~^[m[K
      |                                                [01;36m[K|[m[K
      |                                                [01;36m[Kint[m[K
[ 50%] [32m[1mLinking CXX shared library libros2_kitti_publishers.so[0m
[ 50%] Built target ros2_kitti_publishers
[ 75%] [32mBuilding CXX object CMakeFiles/kitti_publishers.dir/src/kitti_publishers_main.cpp.o[0m
[100%] [32m[1mLinking CXX executable kitti_publishers[0m
[100%] Built target kitti_publishers
-- Install configuration: ""
-- Installing: /home/zhaozhenkai/ros2_ws/install/ros2_kitti_publishers/include/
-- Installing: /home/zhaozhenkai/ros2_ws/install/ros2_kitti_publishers/include//ros2_kitti_publishers
-- Installing: /home/zhaozhenkai/ros2_ws/install/ros2_kitti_publishers/include//ros2_kitti_publishers/visibility.h
-- Installing: /home/zhaozhenkai/ros2_ws/install/ros2_kitti_publishers/include//ros2_kitti_publishers/WGS84toCartesian.hpp
-- Installing: /home/zhaozhenkai/ros2_ws/install/ros2_kitti_publishers/include//ros2_kitti_publishers/kitti_publishers_node.hpp
-- Installing: /home/zhaozhenkai/ros2_ws/install/ros2_kitti_publishers/share/ros2_kitti_publishers/launch
-- Installing: /home/zhaozhenkai/ros2_ws/install/ros2_kitti_publishers/share/ros2_kitti_publishers/launch/README.md
-- Installing: /home/zhaozhenkai/ros2_ws/install/ros2_kitti_publishers/lib/libros2_kitti_publishers.so
-- Set non-toolchain portion of runtime path of "/home/zhaozhenkai/ros2_ws/install/ros2_kitti_publishers/lib/libros2_kitti_publishers.so" to ""
-- Installing: /home/zhaozhenkai/ros2_ws/install/ros2_kitti_publishers/lib/ros2_kitti_publishers/kitti_publishers
-- Set non-toolchain portion of runtime path of "/home/zhaozhenkai/ros2_ws/install/ros2_kitti_publishers/lib/ros2_kitti_publishers/kitti_publishers" to ""
-- Installing: /home/zhaozhenkai/ros2_ws/install/ros2_kitti_publishers/share/ament_index/resource_index/package_run_dependencies/ros2_kitti_publishers
-- Installing: /home/zhaozhenkai/ros2_ws/install/ros2_kitti_publishers/share/ament_index/resource_index/parent_prefix_path/ros2_kitti_publishers
-- Installing: /home/zhaozhenkai/ros2_ws/install/ros2_kitti_publishers/share/ros2_kitti_publishers/environment/ament_prefix_path.sh
-- Installing: /home/zhaozhenkai/ros2_ws/install/ros2_kitti_publishers/share/ros2_kitti_publishers/environment/ament_prefix_path.dsv
-- Installing: /home/zhaozhenkai/ros2_ws/install/ros2_kitti_publishers/share/ros2_kitti_publishers/environment/path.sh
-- Installing: /home/zhaozhenkai/ros2_ws/install/ros2_kitti_publishers/share/ros2_kitti_publishers/environment/path.dsv
-- Installing: /home/zhaozhenkai/ros2_ws/install/ros2_kitti_publishers/share/ros2_kitti_publishers/local_setup.bash
-- Installing: /home/zhaozhenkai/ros2_ws/install/ros2_kitti_publishers/share/ros2_kitti_publishers/local_setup.sh
-- Installing: /home/zhaozhenkai/ros2_ws/install/ros2_kitti_publishers/share/ros2_kitti_publishers/local_setup.zsh
-- Installing: /home/zhaozhenkai/ros2_ws/install/ros2_kitti_publishers/share/ros2_kitti_publishers/local_setup.dsv
-- Installing: /home/zhaozhenkai/ros2_ws/install/ros2_kitti_publishers/share/ros2_kitti_publishers/package.dsv
-- Installing: /home/zhaozhenkai/ros2_ws/install/ros2_kitti_publishers/share/ament_index/resource_index/packages/ros2_kitti_publishers
-- Installing: /home/zhaozhenkai/ros2_ws/install/ros2_kitti_publishers/share/ros2_kitti_publishers/cmake/ros2_kitti_publishersConfig.cmake
-- Installing: /home/zhaozhenkai/ros2_ws/install/ros2_kitti_publishers/share/ros2_kitti_publishers/cmake/ros2_kitti_publishersConfig-version.cmake
-- Installing: /home/zhaozhenkai/ros2_ws/install/ros2_kitti_publishers/share/ros2_kitti_publishers/package.xml
