[0.005s] Invoking command in '/home/zhaozhenkai/ros2_ws/build/ros2_kitti_publishers': CMAKE_PREFIX_PATH=${CMAKE_PREFIX_PATH}:/opt/ros/jazzy /usr/bin/cmake /home/zhaozhenkai/ros2_ws/src/ros2_kitti_publishers -DCMAKE_INSTALL_PREFIX=/home/zhaozhenkai/ros2_ws/install/ros2_kitti_publishers
[0.011s] [33mCMake Warning (dev) at CMakeLists.txt:1 (project):
[0.011s]   cmake_minimum_required() should be called prior to this top-level project()
[0.011s]   call.  Please see the cmake-commands(7) manual for usage documentation of
[0.011s]   both commands.
[0.011s] This warning is for project developers.  Use -Wno-dev to suppress it.
[0.011s] [0m
[0.054s] -- The C compiler identification is GNU 13.3.0
[0.152s] -- The CXX compiler identification is GNU 13.3.0
[0.235s] -- Detecting C compiler ABI info
[0.309s] -- Detecting C compiler ABI info - done
[0.315s] -- Check for working C compiler: /usr/bin/cc - skipped
[0.315s] -- Detecting C compile features
[0.315s] -- Detecting C compile features - done
[0.331s] -- Detecting CXX compiler ABI info
[0.406s] -- Detecting CXX compiler ABI info - done
[0.412s] -- Check for working CXX compiler: /usr/bin/c++ - skipped
[0.412s] -- Detecting CXX compile features
[0.412s] -- Detecting CXX compile features - done
[0.413s] -- Performing Test CMAKE_HAVE_LIBC_PTHREAD
[0.471s] -- Performing Test CMAKE_HAVE_LIBC_PTHREAD - Success
[0.472s] -- Found Threads: TRUE  
[0.473s] -- Found ament_cmake: 2.5.5 (/opt/ros/jazzy/share/ament_cmake/cmake)
[0.558s] -- Found Python3: /usr/bin/python3 (found version "3.12.3") found components: Interpreter 
[0.616s] -- Found rclcpp: 28.1.16 (/opt/ros/jazzy/share/rclcpp/cmake)
[0.680s] -- Found rosidl_generator_c: 4.6.7 (/opt/ros/jazzy/share/rosidl_generator_c/cmake)
[0.686s] -- Found rosidl_generator_cpp: 4.6.7 (/opt/ros/jazzy/share/rosidl_generator_cpp/cmake)
[0.695s] -- Using all available rosidl_typesupport_c: rosidl_typesupport_fastrtps_c;rosidl_typesupport_introspection_c
[0.705s] -- Using all available rosidl_typesupport_cpp: rosidl_typesupport_fastrtps_cpp;rosidl_typesupport_introspection_cpp
[0.747s] -- Found rmw_implementation_cmake: 7.3.3 (/opt/ros/jazzy/share/rmw_implementation_cmake/cmake)
[0.748s] -- Found rmw_fastrtps_cpp: 8.4.3 (/opt/ros/jazzy/share/rmw_fastrtps_cpp/cmake)
[0.792s] -- Found OpenSSL: /usr/lib/x86_64-linux-gnu/libcrypto.so (found version "3.0.13")  
[0.824s] -- Found FastRTPS: /opt/ros/jazzy/include (Required is at least version "2.13") 
[0.847s] -- Using RMW implementation 'rmw_fastrtps_cpp' as default
[0.906s] -- Found rclcpp_action: 28.1.16 (/opt/ros/jazzy/share/rclcpp_action/cmake)
[0.932s] -- Found rclcpp_lifecycle: 28.1.16 (/opt/ros/jazzy/share/rclcpp_lifecycle/cmake)
[0.951s] -- Found pluginlib: 5.4.4 (/opt/ros/jazzy/share/pluginlib/cmake)
[0.957s] -- Found std_msgs: 5.3.6 (/opt/ros/jazzy/share/std_msgs/cmake)
[0.966s] -- Found geometry_msgs: 5.3.6 (/opt/ros/jazzy/share/geometry_msgs/cmake)
[0.975s] -- Found sensor_msgs: 5.3.6 (/opt/ros/jazzy/share/sensor_msgs/cmake)
[0.990s] -- Found shape_msgs: 5.3.6 (/opt/ros/jazzy/share/shape_msgs/cmake)
[1.000s] -- Found tf2: 0.36.19 (/opt/ros/jazzy/share/tf2/cmake)
[1.003s] -- Found tf2_geometry_msgs: 0.36.19 (/opt/ros/jazzy/share/tf2_geometry_msgs/cmake)
[1.015s] -- Found eigen3_cmake_module: 0.3.0 (/opt/ros/jazzy/share/eigen3_cmake_module/cmake)
[1.016s] -- Found Eigen3: TRUE (found version "3.4.0") 
[1.016s] -- Ensuring Eigen3 include directory is part of orocos-kdl CMake target
[1.060s] -- Found visualization_msgs: 5.3.6 (/opt/ros/jazzy/share/visualization_msgs/cmake)
[1.078s] -- Found pcl_conversions: 2.6.2 (/opt/ros/jazzy/share/pcl_conversions/cmake)
[1.112s] [33mCMake Warning (dev) at /usr/lib/x86_64-linux-gnu/cmake/pcl/Modules/FindFLANN.cmake:45 (find_package):
[1.112s]   Policy CMP0144 is not set: find_package uses upper-case <PACKAGENAME>_ROOT
[1.112s]   variables.  Run "cmake --help-policy CMP0144" for policy details.  Use the
[1.112s]   cmake_policy command to set the policy and suppress this warning.
[1.112s] 
[1.112s]   CMake variable FLANN_ROOT is set to:
[1.112s] 
[1.112s]     /usr
[1.112s] 
[1.112s]   For compatibility, find_package is ignoring the variable, but code in a
[1.113s]   .cmake module might still use it.
[1.113s] Call Stack (most recent call first):
[1.113s]   /usr/lib/x86_64-linux-gnu/cmake/pcl/PCLConfig.cmake:261 (find_package)
[1.113s]   /usr/lib/x86_64-linux-gnu/cmake/pcl/PCLConfig.cmake:306 (find_flann)
[1.113s]   /usr/lib/x86_64-linux-gnu/cmake/pcl/PCLConfig.cmake:570 (find_external_library)
[1.113s]   /opt/ros/jazzy/share/pcl_conversions/cmake/ament_cmake_export_dependencies-extras.cmake:21 (find_package)
[1.113s]   /opt/ros/jazzy/share/pcl_conversions/cmake/pcl_conversionsConfig.cmake:41 (include)
[1.113s]   CMakeLists.txt:32 (find_package)
[1.113s] This warning is for project developers.  Use -Wno-dev to suppress it.
[1.113s] [0m
[1.113s] -- Found flann version 1.9.2
[1.315s] -- Found OpenMP_CXX: -fopenmp (found version "4.5") 
[1.315s] -- Found OpenMP: TRUE (found version "4.5") found components: CXX 
[3.578s] -- Checking for module 'libusb-1.0'
[3.586s] --   Found libusb-1.0, version 1.0.27
[3.619s] -- Found libusb: /usr/lib/x86_64-linux-gnu/libusb-1.0.so  
[3.620s] -- OpenNI found (version: 1.5.4.0, include: /usr/include/ni, lib: /usr/lib/libOpenNI.so;libusb::libusb)
[3.670s] -- OpenNI2 found (version: 2.2.0.33, include: /usr/include/openni2, lib: /usr/lib/x86_64-linux-gnu/libOpenNI2.so;libusb::libusb)
[3.686s] -- Could NOT find Pcap (missing: PCAP_LIBRARIES PCAP_INCLUDE_DIRS) 
[3.793s] -- Found ZLIB: /usr/lib/x86_64-linux-gnu/libz.so (found version "1.3")  
[3.885s] -- Found PNG: /usr/lib/x86_64-linux-gnu/libpng.so (found version "1.6.43") 
[5.553s] -- OpenNI found (version: 1.5.4.0, include: /usr/include/ni, lib: /usr/lib/libOpenNI.so;libusb::libusb)
[5.557s] -- OpenNI2 found (version: 2.2.0.33, include: /usr/include/openni2, lib: /usr/lib/x86_64-linux-gnu/libOpenNI2.so;libusb::libusb)
[7.236s] -- Found Qhull version 8.0.2
[9.095s] -- OpenNI found (version: 1.5.4.0, include: /usr/include/ni, lib: /usr/lib/libOpenNI.so;libusb::libusb)
[10.727s] -- Found PCL_COMMON: /usr/lib/x86_64-linux-gnu/libpcl_common.so  
[10.727s] -- Found PCL_KDTREE: /usr/lib/x86_64-linux-gnu/libpcl_kdtree.so  
[10.728s] -- Found PCL_OCTREE: /usr/lib/x86_64-linux-gnu/libpcl_octree.so  
[10.728s] -- Found PCL_SEARCH: /usr/lib/x86_64-linux-gnu/libpcl_search.so  
[10.729s] -- Found PCL_SAMPLE_CONSENSUS: /usr/lib/x86_64-linux-gnu/libpcl_sample_consensus.so  
[10.730s] -- Found PCL_FILTERS: /usr/lib/x86_64-linux-gnu/libpcl_filters.so  
[10.730s] -- Found PCL_2D: /usr/include/pcl-1.14  
[10.730s] -- Found PCL_GEOMETRY: /usr/include/pcl-1.14  
[10.731s] -- Found PCL_IO: /usr/lib/x86_64-linux-gnu/libpcl_io.so  
[10.731s] -- Found PCL_FEATURES: /usr/lib/x86_64-linux-gnu/libpcl_features.so  
[10.732s] -- Found PCL_ML: /usr/lib/x86_64-linux-gnu/libpcl_ml.so  
[10.733s] -- Found PCL_SEGMENTATION: /usr/lib/x86_64-linux-gnu/libpcl_segmentation.so  
[10.733s] -- Found PCL_VISUALIZATION: /usr/lib/x86_64-linux-gnu/libpcl_visualization.so  
[10.734s] -- Found PCL_SURFACE: /usr/lib/x86_64-linux-gnu/libpcl_surface.so  
[10.735s] -- Found PCL_REGISTRATION: /usr/lib/x86_64-linux-gnu/libpcl_registration.so  
[10.735s] -- Found PCL_KEYPOINTS: /usr/lib/x86_64-linux-gnu/libpcl_keypoints.so  
[10.736s] -- Found PCL_TRACKING: /usr/lib/x86_64-linux-gnu/libpcl_tracking.so  
[10.736s] -- Found PCL_RECOGNITION: /usr/lib/x86_64-linux-gnu/libpcl_recognition.so  
[10.737s] -- Found PCL_STEREO: /usr/lib/x86_64-linux-gnu/libpcl_stereo.so  
[10.738s] -- Found PCL_APPS: /usr/lib/x86_64-linux-gnu/libpcl_apps.so  
[10.738s] -- Found PCL_IN_HAND_SCANNER: /usr/include/pcl-1.14  
[10.739s] -- Found PCL_MODELER: /usr/include/pcl-1.14  
[10.739s] -- Found PCL_POINT_CLOUD_EDITOR: /usr/include/pcl-1.14  
[10.739s] -- Found PCL_OUTOFCORE: /usr/lib/x86_64-linux-gnu/libpcl_outofcore.so  
[10.740s] -- Found PCL_PEOPLE: /usr/lib/x86_64-linux-gnu/libpcl_people.so  
[10.746s] -- Found OpenCV: /usr (found version "4.6.0") 
[10.750s] -- Found Boost: /usr/lib/x86_64-linux-gnu/cmake/Boost-1.83.0/BoostConfig.cmake (found version "1.83.0") found components: system 
[10.751s] [33mCMake Warning (dev) at CMakeLists.txt:37 (find_package):
[10.751s]   Policy CMP0074 is not set: find_package uses <PackageName>_ROOT variables.
[10.751s]   Run "cmake --help-policy CMP0074" for policy details.  Use the cmake_policy
[10.751s]   command to set the policy and suppress this warning.
[10.751s] 
[10.751s]   CMake variable PCL_ROOT is set to:
[10.751s] 
[10.751s]     /usr
[10.751s] 
[10.752s]   For compatibility, CMake is ignoring the variable.
[10.752s] This warning is for project developers.  Use -Wno-dev to suppress it.
[10.752s] [0m
[10.824s] -- Configuring done (10.8s)
[10.866s] -- Generating done (0.0s)
[10.872s] -- Build files have been written to: /home/zhaozhenkai/ros2_ws/build/ros2_kitti_publishers
[10.885s] Invoked command in '/home/zhaozhenkai/ros2_ws/build/ros2_kitti_publishers' returned '0': CMAKE_PREFIX_PATH=${CMAKE_PREFIX_PATH}:/opt/ros/jazzy /usr/bin/cmake /home/zhaozhenkai/ros2_ws/src/ros2_kitti_publishers -DCMAKE_INSTALL_PREFIX=/home/zhaozhenkai/ros2_ws/install/ros2_kitti_publishers
[10.886s] Invoking command in '/home/zhaozhenkai/ros2_ws/build/ros2_kitti_publishers': CMAKE_PREFIX_PATH=${CMAKE_PREFIX_PATH}:/opt/ros/jazzy /usr/bin/cmake --build /home/zhaozhenkai/ros2_ws/build/ros2_kitti_publishers -- -j20 -l20
[10.928s] [ 50%] Built target ros2_kitti_publishers
[10.951s] [100%] Built target kitti_publishers
[10.958s] Invoked command in '/home/zhaozhenkai/ros2_ws/build/ros2_kitti_publishers' returned '0': CMAKE_PREFIX_PATH=${CMAKE_PREFIX_PATH}:/opt/ros/jazzy /usr/bin/cmake --build /home/zhaozhenkai/ros2_ws/build/ros2_kitti_publishers -- -j20 -l20
[10.964s] Invoking command in '/home/zhaozhenkai/ros2_ws/build/ros2_kitti_publishers': CMAKE_PREFIX_PATH=${CMAKE_PREFIX_PATH}:/opt/ros/jazzy /usr/bin/cmake --install /home/zhaozhenkai/ros2_ws/build/ros2_kitti_publishers
[10.968s] -- Install configuration: ""
[10.968s] -- Up-to-date: /home/zhaozhenkai/ros2_ws/install/ros2_kitti_publishers/include/
[10.968s] -- Up-to-date: /home/zhaozhenkai/ros2_ws/install/ros2_kitti_publishers/include//ros2_kitti_publishers
[10.968s] -- Up-to-date: /home/zhaozhenkai/ros2_ws/install/ros2_kitti_publishers/include//ros2_kitti_publishers/visibility.h
[10.968s] -- Up-to-date: /home/zhaozhenkai/ros2_ws/install/ros2_kitti_publishers/include//ros2_kitti_publishers/WGS84toCartesian.hpp
[10.968s] -- Up-to-date: /home/zhaozhenkai/ros2_ws/install/ros2_kitti_publishers/include//ros2_kitti_publishers/kitti_publishers_node.hpp
[10.969s] -- Up-to-date: /home/zhaozhenkai/ros2_ws/install/ros2_kitti_publishers/share/ros2_kitti_publishers/launch
[10.969s] -- Up-to-date: /home/zhaozhenkai/ros2_ws/install/ros2_kitti_publishers/share/ros2_kitti_publishers/launch/README.md
[10.969s] -- Up-to-date: /home/zhaozhenkai/ros2_ws/install/ros2_kitti_publishers/lib/libros2_kitti_publishers.so
[10.969s] -- Up-to-date: /home/zhaozhenkai/ros2_ws/install/ros2_kitti_publishers/lib/ros2_kitti_publishers/kitti_publishers
[10.969s] -- Up-to-date: /home/zhaozhenkai/ros2_ws/install/ros2_kitti_publishers/share/ament_index/resource_index/package_run_dependencies/ros2_kitti_publishers
[10.969s] -- Up-to-date: /home/zhaozhenkai/ros2_ws/install/ros2_kitti_publishers/share/ament_index/resource_index/parent_prefix_path/ros2_kitti_publishers
[10.969s] -- Up-to-date: /home/zhaozhenkai/ros2_ws/install/ros2_kitti_publishers/share/ros2_kitti_publishers/environment/ament_prefix_path.sh
[10.969s] -- Up-to-date: /home/zhaozhenkai/ros2_ws/install/ros2_kitti_publishers/share/ros2_kitti_publishers/environment/ament_prefix_path.dsv
[10.969s] -- Up-to-date: /home/zhaozhenkai/ros2_ws/install/ros2_kitti_publishers/share/ros2_kitti_publishers/environment/path.sh
[10.969s] -- Up-to-date: /home/zhaozhenkai/ros2_ws/install/ros2_kitti_publishers/share/ros2_kitti_publishers/environment/path.dsv
[10.969s] -- Up-to-date: /home/zhaozhenkai/ros2_ws/install/ros2_kitti_publishers/share/ros2_kitti_publishers/local_setup.bash
[10.969s] -- Up-to-date: /home/zhaozhenkai/ros2_ws/install/ros2_kitti_publishers/share/ros2_kitti_publishers/local_setup.sh
[10.969s] -- Up-to-date: /home/zhaozhenkai/ros2_ws/install/ros2_kitti_publishers/share/ros2_kitti_publishers/local_setup.zsh
[10.969s] -- Up-to-date: /home/zhaozhenkai/ros2_ws/install/ros2_kitti_publishers/share/ros2_kitti_publishers/local_setup.dsv
[10.969s] -- Installing: /home/zhaozhenkai/ros2_ws/install/ros2_kitti_publishers/share/ros2_kitti_publishers/package.dsv
[10.969s] -- Up-to-date: /home/zhaozhenkai/ros2_ws/install/ros2_kitti_publishers/share/ament_index/resource_index/packages/ros2_kitti_publishers
[10.969s] -- Up-to-date: /home/zhaozhenkai/ros2_ws/install/ros2_kitti_publishers/share/ros2_kitti_publishers/cmake/ros2_kitti_publishersConfig.cmake
[10.970s] -- Up-to-date: /home/zhaozhenkai/ros2_ws/install/ros2_kitti_publishers/share/ros2_kitti_publishers/cmake/ros2_kitti_publishersConfig-version.cmake
[10.970s] -- Up-to-date: /home/zhaozhenkai/ros2_ws/install/ros2_kitti_publishers/share/ros2_kitti_publishers/package.xml
[10.970s] Invoked command in '/home/zhaozhenkai/ros2_ws/build/ros2_kitti_publishers' returned '0': CMAKE_PREFIX_PATH=${CMAKE_PREFIX_PATH}:/opt/ros/jazzy /usr/bin/cmake --install /home/zhaozhenkai/ros2_ws/build/ros2_kitti_publishers
