[0.188s] DEBUG:colcon:Command line arguments: ['/usr/bin/colcon', 'build', '--cmake-clean-cache']
[0.188s] DEBUG:colcon:Parsed command line arguments: Namespace(log_base=None, log_level=None, verb_name='build', build_base='build', install_base='install', merge_install=False, symlink_install=False, test_result_base=None, continue_on_error=False, executor='parallel', parallel_workers=20, event_handlers=None, ignore_user_meta=False, metas=['./colcon.meta'], base_paths=['.'], packages_ignore=None, packages_ignore_regex=None, paths=None, packages_up_to=None, packages_up_to_regex=None, packages_above=None, packages_above_and_dependencies=None, packages_above_depth=None, packages_select_by_dep=None, packages_skip_by_dep=None, packages_skip_up_to=None, packages_select_build_failed=False, packages_skip_build_finished=False, packages_select_test_failures=False, packages_skip_test_passed=False, packages_select=None, packages_skip=None, packages_select_regex=None, packages_skip_regex=None, packages_start=None, packages_end=None, allow_overriding=[], cmake_args=None, cmake_target=None, cmake_target_skip_unavailable=False, cmake_clean_cache=True, cmake_clean_first=False, cmake_force_configure=False, ament_cmake_args=None, catkin_cmake_args=None, catkin_skip_building_tests=False, verb_parser=<colcon_defaults.argument_parser.defaults.DefaultArgumentsDecorator object at 0x737817566900>, verb_extension=<colcon_core.verb.build.BuildVerb object at 0x73781750a0c0>, main=<bound method BuildVerb.main of <colcon_core.verb.build.BuildVerb object at 0x73781750a0c0>>)
[0.217s] Level 1:colcon.colcon_core.package_discovery:discover_packages(colcon_meta) check parameters
[0.217s] Level 1:colcon.colcon_core.package_discovery:discover_packages(recursive) check parameters
[0.217s] Level 1:colcon.colcon_core.package_discovery:discover_packages(ignore) check parameters
[0.217s] Level 1:colcon.colcon_core.package_discovery:discover_packages(path) check parameters
[0.217s] Level 1:colcon.colcon_core.package_discovery:discover_packages(colcon_meta) discover
[0.217s] Level 1:colcon.colcon_core.package_discovery:discover_packages(recursive) discover
[0.217s] INFO:colcon.colcon_core.package_discovery:Crawling recursively for packages in '/home/zhaozhenkai/ros2_ws'
[0.217s] Level 1:colcon.colcon_core.package_identification:_identify(.) by extensions ['ignore', 'ignore_ament_install']
[0.217s] Level 1:colcon.colcon_core.package_identification:_identify(.) by extension 'ignore'
[0.217s] Level 1:colcon.colcon_core.package_identification:_identify(.) by extension 'ignore_ament_install'
[0.217s] Level 1:colcon.colcon_core.package_identification:_identify(.) by extensions ['colcon_pkg']
[0.217s] Level 1:colcon.colcon_core.package_identification:_identify(.) by extension 'colcon_pkg'
[0.217s] Level 1:colcon.colcon_core.package_identification:_identify(.) by extensions ['colcon_meta']
[0.217s] Level 1:colcon.colcon_core.package_identification:_identify(.) by extension 'colcon_meta'
[0.217s] Level 1:colcon.colcon_core.package_identification:_identify(.) by extensions ['ros']
[0.217s] Level 1:colcon.colcon_core.package_identification:_identify(.) by extension 'ros'
[0.237s] Level 1:colcon.colcon_core.package_identification:_identify(.) by extensions ['cmake', 'python']
[0.237s] Level 1:colcon.colcon_core.package_identification:_identify(.) by extension 'cmake'
[0.237s] Level 1:colcon.colcon_core.package_identification:_identify(.) by extension 'python'
[0.237s] Level 1:colcon.colcon_core.package_identification:_identify(.) by extensions ['python_setup_py']
[0.237s] Level 1:colcon.colcon_core.package_identification:_identify(.) by extension 'python_setup_py'
[0.238s] Level 1:colcon.colcon_core.package_identification:_identify(build) by extensions ['ignore', 'ignore_ament_install']
[0.238s] Level 1:colcon.colcon_core.package_identification:_identify(build) by extension 'ignore'
[0.238s] Level 1:colcon.colcon_core.package_identification:_identify(build) ignored
[0.238s] Level 1:colcon.colcon_core.package_identification:_identify(install) by extensions ['ignore', 'ignore_ament_install']
[0.238s] Level 1:colcon.colcon_core.package_identification:_identify(install) by extension 'ignore'
[0.238s] Level 1:colcon.colcon_core.package_identification:_identify(install) ignored
[0.238s] Level 1:colcon.colcon_core.package_identification:_identify(log) by extensions ['ignore', 'ignore_ament_install']
[0.238s] Level 1:colcon.colcon_core.package_identification:_identify(log) by extension 'ignore'
[0.238s] Level 1:colcon.colcon_core.package_identification:_identify(log) ignored
[0.238s] Level 1:colcon.colcon_core.package_identification:_identify(src) by extensions ['ignore', 'ignore_ament_install']
[0.238s] Level 1:colcon.colcon_core.package_identification:_identify(src) by extension 'ignore'
[0.238s] Level 1:colcon.colcon_core.package_identification:_identify(src) by extension 'ignore_ament_install'
[0.238s] Level 1:colcon.colcon_core.package_identification:_identify(src) by extensions ['colcon_pkg']
[0.238s] Level 1:colcon.colcon_core.package_identification:_identify(src) by extension 'colcon_pkg'
[0.238s] Level 1:colcon.colcon_core.package_identification:_identify(src) by extensions ['colcon_meta']
[0.238s] Level 1:colcon.colcon_core.package_identification:_identify(src) by extension 'colcon_meta'
[0.238s] Level 1:colcon.colcon_core.package_identification:_identify(src) by extensions ['ros']
[0.238s] Level 1:colcon.colcon_core.package_identification:_identify(src) by extension 'ros'
[0.238s] Level 1:colcon.colcon_core.package_identification:_identify(src) by extensions ['cmake', 'python']
[0.238s] Level 1:colcon.colcon_core.package_identification:_identify(src) by extension 'cmake'
[0.238s] Level 1:colcon.colcon_core.package_identification:_identify(src) by extension 'python'
[0.238s] Level 1:colcon.colcon_core.package_identification:_identify(src) by extensions ['python_setup_py']
[0.238s] Level 1:colcon.colcon_core.package_identification:_identify(src) by extension 'python_setup_py'
[0.238s] Level 1:colcon.colcon_core.package_identification:_identify(src/ros2_kitti_publishers) by extensions ['ignore', 'ignore_ament_install']
[0.238s] Level 1:colcon.colcon_core.package_identification:_identify(src/ros2_kitti_publishers) by extension 'ignore'
[0.238s] Level 1:colcon.colcon_core.package_identification:_identify(src/ros2_kitti_publishers) by extension 'ignore_ament_install'
[0.238s] Level 1:colcon.colcon_core.package_identification:_identify(src/ros2_kitti_publishers) by extensions ['colcon_pkg']
[0.238s] Level 1:colcon.colcon_core.package_identification:_identify(src/ros2_kitti_publishers) by extension 'colcon_pkg'
[0.238s] Level 1:colcon.colcon_core.package_identification:_identify(src/ros2_kitti_publishers) by extensions ['colcon_meta']
[0.238s] Level 1:colcon.colcon_core.package_identification:_identify(src/ros2_kitti_publishers) by extension 'colcon_meta'
[0.238s] Level 1:colcon.colcon_core.package_identification:_identify(src/ros2_kitti_publishers) by extensions ['ros']
[0.238s] Level 1:colcon.colcon_core.package_identification:_identify(src/ros2_kitti_publishers) by extension 'ros'
[0.241s] DEBUG:colcon.colcon_core.package_identification:Package 'src/ros2_kitti_publishers' with type 'ros.ament_cmake' and name 'ros2_kitti_publishers'
[0.241s] Level 1:colcon.colcon_core.package_discovery:discover_packages(recursive) using defaults
[0.241s] Level 1:colcon.colcon_core.package_discovery:discover_packages(ignore) discover
[0.241s] Level 1:colcon.colcon_core.package_discovery:discover_packages(ignore) using defaults
[0.241s] Level 1:colcon.colcon_core.package_discovery:discover_packages(path) discover
[0.241s] Level 1:colcon.colcon_core.package_discovery:discover_packages(path) using defaults
[0.256s] Level 1:colcon.colcon_core.package_discovery:discover_packages(prefix_path) check parameters
[0.256s] Level 1:colcon.colcon_core.package_discovery:discover_packages(prefix_path) discover
[0.259s] DEBUG:colcon.colcon_installed_package_information.package_discovery:Found 286 installed packages in /opt/ros/jazzy
[0.259s] Level 1:colcon.colcon_core.package_discovery:discover_packages(prefix_path) using defaults
[0.280s] Level 5:colcon.colcon_core.verb:set package 'ros2_kitti_publishers' build argument 'cmake_args' from command line to 'None'
[0.281s] Level 5:colcon.colcon_core.verb:set package 'ros2_kitti_publishers' build argument 'cmake_target' from command line to 'None'
[0.281s] Level 5:colcon.colcon_core.verb:set package 'ros2_kitti_publishers' build argument 'cmake_target_skip_unavailable' from command line to 'False'
[0.281s] Level 5:colcon.colcon_core.verb:set package 'ros2_kitti_publishers' build argument 'cmake_clean_cache' from command line to 'True'
[0.281s] Level 5:colcon.colcon_core.verb:set package 'ros2_kitti_publishers' build argument 'cmake_clean_first' from command line to 'False'
[0.281s] Level 5:colcon.colcon_core.verb:set package 'ros2_kitti_publishers' build argument 'cmake_force_configure' from command line to 'False'
[0.281s] Level 5:colcon.colcon_core.verb:set package 'ros2_kitti_publishers' build argument 'ament_cmake_args' from command line to 'None'
[0.281s] Level 5:colcon.colcon_core.verb:set package 'ros2_kitti_publishers' build argument 'catkin_cmake_args' from command line to 'None'
[0.281s] Level 5:colcon.colcon_core.verb:set package 'ros2_kitti_publishers' build argument 'catkin_skip_building_tests' from command line to 'False'
[0.281s] DEBUG:colcon.colcon_core.verb:Building package 'ros2_kitti_publishers' with the following arguments: {'ament_cmake_args': None, 'build_base': '/home/zhaozhenkai/ros2_ws/build/ros2_kitti_publishers', 'catkin_cmake_args': None, 'catkin_skip_building_tests': False, 'cmake_args': None, 'cmake_clean_cache': True, 'cmake_clean_first': False, 'cmake_force_configure': False, 'cmake_target': None, 'cmake_target_skip_unavailable': False, 'install_base': '/home/zhaozhenkai/ros2_ws/install/ros2_kitti_publishers', 'merge_install': False, 'path': '/home/zhaozhenkai/ros2_ws/src/ros2_kitti_publishers', 'symlink_install': False, 'test_result_base': None}
[0.281s] INFO:colcon.colcon_core.executor:Executing jobs using 'parallel' executor
[0.281s] DEBUG:colcon.colcon_parallel_executor.executor.parallel:run_until_complete
[0.281s] INFO:colcon.colcon_ros.task.ament_cmake.build:Building ROS package in '/home/zhaozhenkai/ros2_ws/src/ros2_kitti_publishers' with build type 'ament_cmake'
[0.281s] INFO:colcon.colcon_cmake.task.cmake.build:Building CMake package in '/home/zhaozhenkai/ros2_ws/src/ros2_kitti_publishers'
[0.286s] INFO:colcon.colcon_core.plugin_system:Skipping extension 'colcon_core.shell.bat': Not used on non-Windows systems
[0.286s] INFO:colcon.colcon_core.shell:Skip shell extension 'powershell' for command environment: Not usable outside of PowerShell
[0.286s] DEBUG:colcon.colcon_core.shell:Skip shell extension 'dsv' for command environment
[0.290s] DEBUG:colcon.colcon_core.event_handler.log_command:Invoking command in '/home/zhaozhenkai/ros2_ws/build/ros2_kitti_publishers': CMAKE_PREFIX_PATH=${CMAKE_PREFIX_PATH}:/opt/ros/jazzy /usr/bin/cmake /home/zhaozhenkai/ros2_ws/src/ros2_kitti_publishers -DCMAKE_INSTALL_PREFIX=/home/zhaozhenkai/ros2_ws/install/ros2_kitti_publishers
[13.390s] DEBUG:colcon.colcon_core.event_handler.log_command:Invoked command in '/home/zhaozhenkai/ros2_ws/build/ros2_kitti_publishers' returned '0': CMAKE_PREFIX_PATH=${CMAKE_PREFIX_PATH}:/opt/ros/jazzy /usr/bin/cmake /home/zhaozhenkai/ros2_ws/src/ros2_kitti_publishers -DCMAKE_INSTALL_PREFIX=/home/zhaozhenkai/ros2_ws/install/ros2_kitti_publishers
[13.391s] DEBUG:colcon.colcon_core.event_handler.log_command:Invoking command in '/home/zhaozhenkai/ros2_ws/build/ros2_kitti_publishers': CMAKE_PREFIX_PATH=${CMAKE_PREFIX_PATH}:/opt/ros/jazzy /usr/bin/cmake --build /home/zhaozhenkai/ros2_ws/build/ros2_kitti_publishers -- -j20 -l20
[26.689s] DEBUG:colcon.colcon_core.event_handler.log_command:Invoked command in '/home/zhaozhenkai/ros2_ws/build/ros2_kitti_publishers' returned '0': CMAKE_PREFIX_PATH=${CMAKE_PREFIX_PATH}:/opt/ros/jazzy /usr/bin/cmake --build /home/zhaozhenkai/ros2_ws/build/ros2_kitti_publishers -- -j20 -l20
[26.696s] DEBUG:colcon.colcon_core.event_handler.log_command:Invoking command in '/home/zhaozhenkai/ros2_ws/build/ros2_kitti_publishers': CMAKE_PREFIX_PATH=${CMAKE_PREFIX_PATH}:/opt/ros/jazzy /usr/bin/cmake --install /home/zhaozhenkai/ros2_ws/build/ros2_kitti_publishers
[26.707s] Level 1:colcon.colcon_core.environment:create_environment_scripts_only(ros2_kitti_publishers)
[26.707s] DEBUG:colcon.colcon_core.event_handler.log_command:Invoked command in '/home/zhaozhenkai/ros2_ws/build/ros2_kitti_publishers' returned '0': CMAKE_PREFIX_PATH=${CMAKE_PREFIX_PATH}:/opt/ros/jazzy /usr/bin/cmake --install /home/zhaozhenkai/ros2_ws/build/ros2_kitti_publishers
[26.713s] Level 1:colcon.colcon_core.environment:checking '/home/zhaozhenkai/ros2_ws/install/ros2_kitti_publishers' for CMake module files
[26.713s] Level 1:colcon.colcon_core.environment:checking '/home/zhaozhenkai/ros2_ws/install/ros2_kitti_publishers' for CMake config files
[26.714s] Level 1:colcon.colcon_core.shell:create_environment_hook('ros2_kitti_publishers', 'cmake_prefix_path')
[26.714s] INFO:colcon.colcon_core.shell:Creating environment hook '/home/zhaozhenkai/ros2_ws/install/ros2_kitti_publishers/share/ros2_kitti_publishers/hook/cmake_prefix_path.ps1'
[26.714s] INFO:colcon.colcon_core.shell:Creating environment descriptor '/home/zhaozhenkai/ros2_ws/install/ros2_kitti_publishers/share/ros2_kitti_publishers/hook/cmake_prefix_path.dsv'
[26.715s] INFO:colcon.colcon_core.shell:Creating environment hook '/home/zhaozhenkai/ros2_ws/install/ros2_kitti_publishers/share/ros2_kitti_publishers/hook/cmake_prefix_path.sh'
[26.716s] Level 1:colcon.colcon_core.environment:checking '/home/zhaozhenkai/ros2_ws/install/ros2_kitti_publishers/lib'
[26.716s] Level 1:colcon.colcon_core.shell:create_environment_hook('ros2_kitti_publishers', 'ld_library_path_lib')
[26.716s] INFO:colcon.colcon_core.shell:Creating environment hook '/home/zhaozhenkai/ros2_ws/install/ros2_kitti_publishers/share/ros2_kitti_publishers/hook/ld_library_path_lib.ps1'
[26.716s] INFO:colcon.colcon_core.shell:Creating environment descriptor '/home/zhaozhenkai/ros2_ws/install/ros2_kitti_publishers/share/ros2_kitti_publishers/hook/ld_library_path_lib.dsv'
[26.716s] INFO:colcon.colcon_core.shell:Creating environment hook '/home/zhaozhenkai/ros2_ws/install/ros2_kitti_publishers/share/ros2_kitti_publishers/hook/ld_library_path_lib.sh'
[26.716s] Level 1:colcon.colcon_core.environment:checking '/home/zhaozhenkai/ros2_ws/install/ros2_kitti_publishers/bin'
[26.716s] Level 1:colcon.colcon_core.environment:checking '/home/zhaozhenkai/ros2_ws/install/ros2_kitti_publishers/lib/pkgconfig/ros2_kitti_publishers.pc'
[26.717s] Level 1:colcon.colcon_core.environment:checking '/home/zhaozhenkai/ros2_ws/install/ros2_kitti_publishers/lib/python3.12/site-packages'
[26.717s] Level 1:colcon.colcon_core.environment:checking '/home/zhaozhenkai/ros2_ws/install/ros2_kitti_publishers/bin'
[26.717s] INFO:colcon.colcon_core.shell:Creating package script '/home/zhaozhenkai/ros2_ws/install/ros2_kitti_publishers/share/ros2_kitti_publishers/package.ps1'
[26.718s] INFO:colcon.colcon_core.shell:Creating package descriptor '/home/zhaozhenkai/ros2_ws/install/ros2_kitti_publishers/share/ros2_kitti_publishers/package.dsv'
[26.718s] INFO:colcon.colcon_core.shell:Creating package script '/home/zhaozhenkai/ros2_ws/install/ros2_kitti_publishers/share/ros2_kitti_publishers/package.sh'
[26.719s] INFO:colcon.colcon_core.shell:Creating package script '/home/zhaozhenkai/ros2_ws/install/ros2_kitti_publishers/share/ros2_kitti_publishers/package.bash'
[26.719s] INFO:colcon.colcon_core.shell:Creating package script '/home/zhaozhenkai/ros2_ws/install/ros2_kitti_publishers/share/ros2_kitti_publishers/package.zsh'
[26.720s] Level 1:colcon.colcon_core.environment:create_file_with_runtime_dependencies(/home/zhaozhenkai/ros2_ws/install/ros2_kitti_publishers/share/colcon-core/packages/ros2_kitti_publishers)
[26.721s] Level 1:colcon.colcon_core.environment:create_environment_scripts_only(ros2_kitti_publishers)
[26.721s] Level 1:colcon.colcon_core.environment:checking '/home/zhaozhenkai/ros2_ws/install/ros2_kitti_publishers' for CMake module files
[26.721s] Level 1:colcon.colcon_core.environment:checking '/home/zhaozhenkai/ros2_ws/install/ros2_kitti_publishers' for CMake config files
[26.721s] Level 1:colcon.colcon_core.shell:create_environment_hook('ros2_kitti_publishers', 'cmake_prefix_path')
[26.721s] INFO:colcon.colcon_core.shell:Creating environment hook '/home/zhaozhenkai/ros2_ws/install/ros2_kitti_publishers/share/ros2_kitti_publishers/hook/cmake_prefix_path.ps1'
[26.721s] INFO:colcon.colcon_core.shell:Creating environment descriptor '/home/zhaozhenkai/ros2_ws/install/ros2_kitti_publishers/share/ros2_kitti_publishers/hook/cmake_prefix_path.dsv'
[26.721s] INFO:colcon.colcon_core.shell:Creating environment hook '/home/zhaozhenkai/ros2_ws/install/ros2_kitti_publishers/share/ros2_kitti_publishers/hook/cmake_prefix_path.sh'
[26.722s] Level 1:colcon.colcon_core.environment:checking '/home/zhaozhenkai/ros2_ws/install/ros2_kitti_publishers/lib'
[26.722s] Level 1:colcon.colcon_core.shell:create_environment_hook('ros2_kitti_publishers', 'ld_library_path_lib')
[26.722s] INFO:colcon.colcon_core.shell:Creating environment hook '/home/zhaozhenkai/ros2_ws/install/ros2_kitti_publishers/share/ros2_kitti_publishers/hook/ld_library_path_lib.ps1'
[26.722s] INFO:colcon.colcon_core.shell:Creating environment descriptor '/home/zhaozhenkai/ros2_ws/install/ros2_kitti_publishers/share/ros2_kitti_publishers/hook/ld_library_path_lib.dsv'
[26.722s] INFO:colcon.colcon_core.shell:Creating environment hook '/home/zhaozhenkai/ros2_ws/install/ros2_kitti_publishers/share/ros2_kitti_publishers/hook/ld_library_path_lib.sh'
[26.722s] Level 1:colcon.colcon_core.environment:checking '/home/zhaozhenkai/ros2_ws/install/ros2_kitti_publishers/bin'
[26.722s] Level 1:colcon.colcon_core.environment:checking '/home/zhaozhenkai/ros2_ws/install/ros2_kitti_publishers/lib/pkgconfig/ros2_kitti_publishers.pc'
[26.723s] Level 1:colcon.colcon_core.environment:checking '/home/zhaozhenkai/ros2_ws/install/ros2_kitti_publishers/lib/python3.12/site-packages'
[26.723s] Level 1:colcon.colcon_core.environment:checking '/home/zhaozhenkai/ros2_ws/install/ros2_kitti_publishers/bin'
[26.723s] INFO:colcon.colcon_core.shell:Creating package script '/home/zhaozhenkai/ros2_ws/install/ros2_kitti_publishers/share/ros2_kitti_publishers/package.ps1'
[26.723s] INFO:colcon.colcon_core.shell:Creating package descriptor '/home/zhaozhenkai/ros2_ws/install/ros2_kitti_publishers/share/ros2_kitti_publishers/package.dsv'
[26.724s] INFO:colcon.colcon_core.shell:Creating package script '/home/zhaozhenkai/ros2_ws/install/ros2_kitti_publishers/share/ros2_kitti_publishers/package.sh'
[26.724s] INFO:colcon.colcon_core.shell:Creating package script '/home/zhaozhenkai/ros2_ws/install/ros2_kitti_publishers/share/ros2_kitti_publishers/package.bash'
[26.724s] INFO:colcon.colcon_core.shell:Creating package script '/home/zhaozhenkai/ros2_ws/install/ros2_kitti_publishers/share/ros2_kitti_publishers/package.zsh'
[26.724s] Level 1:colcon.colcon_core.environment:create_file_with_runtime_dependencies(/home/zhaozhenkai/ros2_ws/install/ros2_kitti_publishers/share/colcon-core/packages/ros2_kitti_publishers)
[26.725s] DEBUG:colcon.colcon_parallel_executor.executor.parallel:closing loop
[26.725s] DEBUG:colcon.colcon_parallel_executor.executor.parallel:loop closed
[26.725s] DEBUG:colcon.colcon_parallel_executor.executor.parallel:run_until_complete finished with '0'
[26.725s] DEBUG:colcon.colcon_core.event_reactor:joining thread
[26.738s] INFO:colcon.colcon_core.plugin_system:Skipping extension 'colcon_notification.desktop_notification.notify_send': Could not find 'notify-send'
[26.738s] INFO:colcon.colcon_core.plugin_system:Skipping extension 'colcon_notification.desktop_notification.terminal_notifier': Not used on non-Darwin systems
[26.738s] INFO:colcon.colcon_core.plugin_system:Skipping extension 'colcon_notification.desktop_notification.win32': Not used on non-Windows systems
[26.739s] INFO:colcon.colcon_notification.desktop_notification:Sending desktop notification using 'notify2'
[26.766s] DEBUG:colcon.colcon_notification.desktop_notification.notify2:Failed to initialize notify2: org.freedesktop.DBus.Error.ServiceUnknown: The name org.freedesktop.Notifications was not provided by any .service files
[26.766s] DEBUG:colcon.colcon_core.event_reactor:joined thread
[26.767s] INFO:colcon.colcon_core.shell:Creating prefix script '/home/zhaozhenkai/ros2_ws/install/local_setup.ps1'
[26.767s] INFO:colcon.colcon_core.shell:Creating prefix util module '/home/zhaozhenkai/ros2_ws/install/_local_setup_util_ps1.py'
[26.768s] INFO:colcon.colcon_core.shell:Creating prefix chain script '/home/zhaozhenkai/ros2_ws/install/setup.ps1'
[26.769s] INFO:colcon.colcon_core.shell:Creating prefix script '/home/zhaozhenkai/ros2_ws/install/local_setup.sh'
[26.769s] INFO:colcon.colcon_core.shell:Creating prefix util module '/home/zhaozhenkai/ros2_ws/install/_local_setup_util_sh.py'
[26.770s] INFO:colcon.colcon_core.shell:Creating prefix chain script '/home/zhaozhenkai/ros2_ws/install/setup.sh'
[26.770s] INFO:colcon.colcon_core.shell:Creating prefix script '/home/zhaozhenkai/ros2_ws/install/local_setup.bash'
[26.771s] INFO:colcon.colcon_core.shell:Creating prefix chain script '/home/zhaozhenkai/ros2_ws/install/setup.bash'
[26.771s] INFO:colcon.colcon_core.shell:Creating prefix script '/home/zhaozhenkai/ros2_ws/install/local_setup.zsh'
[26.772s] INFO:colcon.colcon_core.shell:Creating prefix chain script '/home/zhaozhenkai/ros2_ws/install/setup.zsh'
