[0.006s] Invoking command in '/home/zhaozhenkai/ros2_ws/build/ros2_kitti_publishers': CMAKE_PREFIX_PATH=${CMAKE_PREFIX_PATH}:/opt/ros/jazzy /usr/bin/cmake /home/zhaozhenkai/ros2_ws/src/ros2_kitti_publishers -DCMAKE_INSTALL_PREFIX=/home/zhaozhenkai/ros2_ws/install/ros2_kitti_publishers
[0.013s] [33mCMake Warning (dev) at CMakeLists.txt:1 (project):
[0.013s]   cmake_minimum_required() should be called prior to this top-level project()
[0.013s]   call.  Please see the cmake-commands(7) manual for usage documentation of
[0.013s]   both commands.
[0.013s] This warning is for project developers.  Use -Wno-dev to suppress it.
[0.014s] [0m
[0.073s] -- The C compiler identification is GNU 13.3.0
[0.272s] -- The CXX compiler identification is GNU 13.3.0
[0.426s] -- Detecting C compiler ABI info
[0.545s] -- Detecting C compiler ABI info - done
[0.551s] -- Check for working C compiler: /usr/bin/cc - skipped
[0.551s] -- Detecting C compile features
[0.552s] -- Detecting C compile features - done
[0.579s] -- Detecting CXX compiler ABI info
[0.696s] -- Detecting CXX compiler ABI info - done
[0.703s] -- Check for working CXX compiler: /usr/bin/c++ - skipped
[0.703s] -- Detecting CXX compile features
[0.704s] -- Detecting CXX compile features - done
[0.705s] -- Performing Test CMAKE_HAVE_LIBC_PTHREAD
[0.783s] -- Performing Test CMAKE_HAVE_LIBC_PTHREAD - Success
[0.783s] -- Found Threads: TRUE  
[0.785s] -- Found ament_cmake: 2.5.5 (/opt/ros/jazzy/share/ament_cmake/cmake)
[0.892s] -- Found Python3: /usr/bin/python3 (found version "3.12.3") found components: Interpreter 
[0.963s] -- Found rclcpp: 28.1.16 (/opt/ros/jazzy/share/rclcpp/cmake)
[1.037s] -- Found rosidl_generator_c: 4.6.7 (/opt/ros/jazzy/share/rosidl_generator_c/cmake)
[1.046s] -- Found rosidl_generator_cpp: 4.6.7 (/opt/ros/jazzy/share/rosidl_generator_cpp/cmake)
[1.056s] -- Using all available rosidl_typesupport_c: rosidl_typesupport_fastrtps_c;rosidl_typesupport_introspection_c
[1.067s] -- Using all available rosidl_typesupport_cpp: rosidl_typesupport_fastrtps_cpp;rosidl_typesupport_introspection_cpp
[1.118s] -- Found rmw_implementation_cmake: 7.3.3 (/opt/ros/jazzy/share/rmw_implementation_cmake/cmake)
[1.119s] -- Found rmw_fastrtps_cpp: 8.4.3 (/opt/ros/jazzy/share/rmw_fastrtps_cpp/cmake)
[1.175s] -- Found OpenSSL: /usr/lib/x86_64-linux-gnu/libcrypto.so (found version "3.0.13")  
[1.227s] -- Found FastRTPS: /opt/ros/jazzy/include (Required is at least version "2.13") 
[1.270s] -- Using RMW implementation 'rmw_fastrtps_cpp' as default
[1.349s] -- Found rclcpp_action: 28.1.16 (/opt/ros/jazzy/share/rclcpp_action/cmake)
[1.381s] -- Found rclcpp_lifecycle: 28.1.16 (/opt/ros/jazzy/share/rclcpp_lifecycle/cmake)
[1.405s] -- Found pluginlib: 5.4.4 (/opt/ros/jazzy/share/pluginlib/cmake)
[1.413s] -- Found std_msgs: 5.3.6 (/opt/ros/jazzy/share/std_msgs/cmake)
[1.424s] -- Found geometry_msgs: 5.3.6 (/opt/ros/jazzy/share/geometry_msgs/cmake)
[1.435s] -- Found sensor_msgs: 5.3.6 (/opt/ros/jazzy/share/sensor_msgs/cmake)
[1.452s] -- Found shape_msgs: 5.3.6 (/opt/ros/jazzy/share/shape_msgs/cmake)
[1.465s] -- Found tf2: 0.36.19 (/opt/ros/jazzy/share/tf2/cmake)
[1.468s] -- Found tf2_geometry_msgs: 0.36.19 (/opt/ros/jazzy/share/tf2_geometry_msgs/cmake)
[1.483s] -- Found eigen3_cmake_module: 0.3.0 (/opt/ros/jazzy/share/eigen3_cmake_module/cmake)
[1.485s] -- Found Eigen3: TRUE (found version "3.4.0") 
[1.485s] -- Ensuring Eigen3 include directory is part of orocos-kdl CMake target
[1.538s] -- Found visualization_msgs: 5.3.6 (/opt/ros/jazzy/share/visualization_msgs/cmake)
[1.559s] -- Found pcl_conversions: 2.6.2 (/opt/ros/jazzy/share/pcl_conversions/cmake)
[1.599s] [33mCMake Warning (dev) at /usr/lib/x86_64-linux-gnu/cmake/pcl/Modules/FindFLANN.cmake:45 (find_package):
[1.599s]   Policy CMP0144 is not set: find_package uses upper-case <PACKAGENAME>_ROOT
[1.599s]   variables.  Run "cmake --help-policy CMP0144" for policy details.  Use the
[1.599s]   cmake_policy command to set the policy and suppress this warning.
[1.599s] 
[1.599s]   CMake variable FLANN_ROOT is set to:
[1.599s] 
[1.599s]     /usr
[1.599s] 
[1.599s]   For compatibility, find_package is ignoring the variable, but code in a
[1.599s]   .cmake module might still use it.
[1.599s] Call Stack (most recent call first):
[1.599s]   /usr/lib/x86_64-linux-gnu/cmake/pcl/PCLConfig.cmake:261 (find_package)
[1.599s]   /usr/lib/x86_64-linux-gnu/cmake/pcl/PCLConfig.cmake:306 (find_flann)
[1.600s]   /usr/lib/x86_64-linux-gnu/cmake/pcl/PCLConfig.cmake:570 (find_external_library)
[1.600s]   /opt/ros/jazzy/share/pcl_conversions/cmake/ament_cmake_export_dependencies-extras.cmake:21 (find_package)
[1.600s]   /opt/ros/jazzy/share/pcl_conversions/cmake/pcl_conversionsConfig.cmake:41 (include)
[1.600s]   CMakeLists.txt:32 (find_package)
[1.600s] This warning is for project developers.  Use -Wno-dev to suppress it.
[1.600s] [0m
[1.600s] -- Found flann version 1.9.2
[1.877s] -- Found OpenMP_CXX: -fopenmp (found version "4.5") 
[1.877s] -- Found OpenMP: TRUE (found version "4.5") found components: CXX 
[5.696s] -- Checking for module 'libusb-1.0'
[5.705s] --   Found libusb-1.0, version 1.0.27
[5.758s] -- Found libusb: /usr/lib/x86_64-linux-gnu/libusb-1.0.so  
[5.759s] -- OpenNI found (version: 1.5.4.0, include: /usr/include/ni, lib: /usr/lib/libOpenNI.so;libusb::libusb)
[5.849s] -- OpenNI2 found (version: 2.2.0.33, include: /usr/include/openni2, lib: /usr/lib/x86_64-linux-gnu/libOpenNI2.so;libusb::libusb)
[5.880s] -- Could NOT find Pcap (missing: PCAP_LIBRARIES PCAP_INCLUDE_DIRS) 
[6.059s] -- Found ZLIB: /usr/lib/x86_64-linux-gnu/libz.so (found version "1.3")  
[6.207s] -- Found PNG: /usr/lib/x86_64-linux-gnu/libpng.so (found version "1.6.43") 
[8.769s] -- OpenNI found (version: 1.5.4.0, include: /usr/include/ni, lib: /usr/lib/libOpenNI.so;libusb::libusb)
[8.774s] -- OpenNI2 found (version: 2.2.0.33, include: /usr/include/openni2, lib: /usr/lib/x86_64-linux-gnu/libOpenNI2.so;libusb::libusb)
[11.446s] -- Found Qhull version 8.0.2
[14.207s] -- OpenNI found (version: 1.5.4.0, include: /usr/include/ni, lib: /usr/lib/libOpenNI.so;libusb::libusb)
[17.311s] -- Found PCL_COMMON: /usr/lib/x86_64-linux-gnu/libpcl_common.so  
[17.311s] -- Found PCL_KDTREE: /usr/lib/x86_64-linux-gnu/libpcl_kdtree.so  
[17.312s] -- Found PCL_OCTREE: /usr/lib/x86_64-linux-gnu/libpcl_octree.so  
[17.313s] -- Found PCL_SEARCH: /usr/lib/x86_64-linux-gnu/libpcl_search.so  
[17.313s] -- Found PCL_SAMPLE_CONSENSUS: /usr/lib/x86_64-linux-gnu/libpcl_sample_consensus.so  
[17.314s] -- Found PCL_FILTERS: /usr/lib/x86_64-linux-gnu/libpcl_filters.so  
[17.314s] -- Found PCL_2D: /usr/include/pcl-1.14  
[17.315s] -- Found PCL_GEOMETRY: /usr/include/pcl-1.14  
[17.316s] -- Found PCL_IO: /usr/lib/x86_64-linux-gnu/libpcl_io.so  
[17.316s] -- Found PCL_FEATURES: /usr/lib/x86_64-linux-gnu/libpcl_features.so  
[17.317s] -- Found PCL_ML: /usr/lib/x86_64-linux-gnu/libpcl_ml.so  
[17.318s] -- Found PCL_SEGMENTATION: /usr/lib/x86_64-linux-gnu/libpcl_segmentation.so  
[17.318s] -- Found PCL_VISUALIZATION: /usr/lib/x86_64-linux-gnu/libpcl_visualization.so  
[17.319s] -- Found PCL_SURFACE: /usr/lib/x86_64-linux-gnu/libpcl_surface.so  
[17.320s] -- Found PCL_REGISTRATION: /usr/lib/x86_64-linux-gnu/libpcl_registration.so  
[17.320s] -- Found PCL_KEYPOINTS: /usr/lib/x86_64-linux-gnu/libpcl_keypoints.so  
[17.321s] -- Found PCL_TRACKING: /usr/lib/x86_64-linux-gnu/libpcl_tracking.so  
[17.322s] -- Found PCL_RECOGNITION: /usr/lib/x86_64-linux-gnu/libpcl_recognition.so  
[17.322s] -- Found PCL_STEREO: /usr/lib/x86_64-linux-gnu/libpcl_stereo.so  
[17.323s] -- Found PCL_APPS: /usr/lib/x86_64-linux-gnu/libpcl_apps.so  
[17.325s] -- Found PCL_IN_HAND_SCANNER: /usr/include/pcl-1.14  
[17.326s] -- Found PCL_MODELER: /usr/include/pcl-1.14  
[17.326s] -- Found PCL_POINT_CLOUD_EDITOR: /usr/include/pcl-1.14  
[17.327s] -- Found PCL_OUTOFCORE: /usr/lib/x86_64-linux-gnu/libpcl_outofcore.so  
[17.327s] -- Found PCL_PEOPLE: /usr/lib/x86_64-linux-gnu/libpcl_people.so  
[17.336s] -- Found OpenCV: /usr (found version "4.6.0") 
[17.340s] -- Found Boost: /usr/lib/x86_64-linux-gnu/cmake/Boost-1.83.0/BoostConfig.cmake (found version "1.83.0") found components: system 
[17.341s] [33mCMake Warning (dev) at CMakeLists.txt:37 (find_package):
[17.341s]   Policy CMP0074 is not set: find_package uses <PackageName>_ROOT variables.
[17.341s]   Run "cmake --help-policy CMP0074" for policy details.  Use the cmake_policy
[17.341s]   command to set the policy and suppress this warning.
[17.341s] 
[17.341s]   CMake variable PCL_ROOT is set to:
[17.341s] 
[17.341s]     /usr
[17.341s] 
[17.341s]   For compatibility, CMake is ignoring the variable.
[17.341s] This warning is for project developers.  Use -Wno-dev to suppress it.
[17.341s] [0m
[17.432s] -- Configuring done (17.4s)
[17.484s] -- Generating done (0.0s)
[17.494s] -- Build files have been written to: /home/zhaozhenkai/ros2_ws/build/ros2_kitti_publishers
[17.510s] Invoked command in '/home/zhaozhenkai/ros2_ws/build/ros2_kitti_publishers' returned '0': CMAKE_PREFIX_PATH=${CMAKE_PREFIX_PATH}:/opt/ros/jazzy /usr/bin/cmake /home/zhaozhenkai/ros2_ws/src/ros2_kitti_publishers -DCMAKE_INSTALL_PREFIX=/home/zhaozhenkai/ros2_ws/install/ros2_kitti_publishers
[17.511s] Invoking command in '/home/zhaozhenkai/ros2_ws/build/ros2_kitti_publishers': CMAKE_PREFIX_PATH=${CMAKE_PREFIX_PATH}:/opt/ros/jazzy /usr/bin/cmake --build /home/zhaozhenkai/ros2_ws/build/ros2_kitti_publishers -- -j20 -l20
[17.562s] [ 50%] Built target ros2_kitti_publishers
[17.589s] [100%] Built target kitti_publishers
[17.597s] Invoked command in '/home/zhaozhenkai/ros2_ws/build/ros2_kitti_publishers' returned '0': CMAKE_PREFIX_PATH=${CMAKE_PREFIX_PATH}:/opt/ros/jazzy /usr/bin/cmake --build /home/zhaozhenkai/ros2_ws/build/ros2_kitti_publishers -- -j20 -l20
[17.604s] Invoking command in '/home/zhaozhenkai/ros2_ws/build/ros2_kitti_publishers': CMAKE_PREFIX_PATH=${CMAKE_PREFIX_PATH}:/opt/ros/jazzy /usr/bin/cmake --install /home/zhaozhenkai/ros2_ws/build/ros2_kitti_publishers
[17.609s] -- Install configuration: ""
[17.609s] -- Up-to-date: /home/zhaozhenkai/ros2_ws/install/ros2_kitti_publishers/include/
[17.609s] -- Up-to-date: /home/zhaozhenkai/ros2_ws/install/ros2_kitti_publishers/include//ros2_kitti_publishers
[17.609s] -- Up-to-date: /home/zhaozhenkai/ros2_ws/install/ros2_kitti_publishers/include//ros2_kitti_publishers/visibility.h
[17.609s] -- Up-to-date: /home/zhaozhenkai/ros2_ws/install/ros2_kitti_publishers/include//ros2_kitti_publishers/WGS84toCartesian.hpp
[17.609s] -- Up-to-date: /home/zhaozhenkai/ros2_ws/install/ros2_kitti_publishers/include//ros2_kitti_publishers/kitti_publishers_node.hpp
[17.610s] -- Up-to-date: /home/zhaozhenkai/ros2_ws/install/ros2_kitti_publishers/share/ros2_kitti_publishers/launch
[17.610s] -- Up-to-date: /home/zhaozhenkai/ros2_ws/install/ros2_kitti_publishers/share/ros2_kitti_publishers/launch/README.md
[17.610s] -- Up-to-date: /home/zhaozhenkai/ros2_ws/install/ros2_kitti_publishers/lib/libros2_kitti_publishers.so
[17.610s] -- Up-to-date: /home/zhaozhenkai/ros2_ws/install/ros2_kitti_publishers/lib/ros2_kitti_publishers/kitti_publishers
[17.610s] -- Up-to-date: /home/zhaozhenkai/ros2_ws/install/ros2_kitti_publishers/share/ament_index/resource_index/package_run_dependencies/ros2_kitti_publishers
[17.610s] -- Up-to-date: /home/zhaozhenkai/ros2_ws/install/ros2_kitti_publishers/share/ament_index/resource_index/parent_prefix_path/ros2_kitti_publishers
[17.610s] -- Up-to-date: /home/zhaozhenkai/ros2_ws/install/ros2_kitti_publishers/share/ros2_kitti_publishers/environment/ament_prefix_path.sh
[17.610s] -- Up-to-date: /home/zhaozhenkai/ros2_ws/install/ros2_kitti_publishers/share/ros2_kitti_publishers/environment/ament_prefix_path.dsv
[17.610s] -- Up-to-date: /home/zhaozhenkai/ros2_ws/install/ros2_kitti_publishers/share/ros2_kitti_publishers/environment/path.sh
[17.610s] -- Up-to-date: /home/zhaozhenkai/ros2_ws/install/ros2_kitti_publishers/share/ros2_kitti_publishers/environment/path.dsv
[17.610s] -- Up-to-date: /home/zhaozhenkai/ros2_ws/install/ros2_kitti_publishers/share/ros2_kitti_publishers/local_setup.bash
[17.610s] -- Up-to-date: /home/zhaozhenkai/ros2_ws/install/ros2_kitti_publishers/share/ros2_kitti_publishers/local_setup.sh
[17.610s] -- Up-to-date: /home/zhaozhenkai/ros2_ws/install/ros2_kitti_publishers/share/ros2_kitti_publishers/local_setup.zsh
[17.610s] -- Up-to-date: /home/zhaozhenkai/ros2_ws/install/ros2_kitti_publishers/share/ros2_kitti_publishers/local_setup.dsv
[17.610s] -- Installing: /home/zhaozhenkai/ros2_ws/install/ros2_kitti_publishers/share/ros2_kitti_publishers/package.dsv
[17.610s] -- Up-to-date: /home/zhaozhenkai/ros2_ws/install/ros2_kitti_publishers/share/ament_index/resource_index/packages/ros2_kitti_publishers
[17.610s] -- Up-to-date: /home/zhaozhenkai/ros2_ws/install/ros2_kitti_publishers/share/ros2_kitti_publishers/cmake/ros2_kitti_publishersConfig.cmake
[17.610s] -- Up-to-date: /home/zhaozhenkai/ros2_ws/install/ros2_kitti_publishers/share/ros2_kitti_publishers/cmake/ros2_kitti_publishersConfig-version.cmake
[17.610s] -- Up-to-date: /home/zhaozhenkai/ros2_ws/install/ros2_kitti_publishers/share/ros2_kitti_publishers/package.xml
[17.611s] Invoked command in '/home/zhaozhenkai/ros2_ws/build/ros2_kitti_publishers' returned '0': CMAKE_PREFIX_PATH=${CMAKE_PREFIX_PATH}:/opt/ros/jazzy /usr/bin/cmake --install /home/zhaozhenkai/ros2_ws/build/ros2_kitti_publishers
